This is pdfTeX, Version 3.14159265-2.6-1.40.21 (MiKTeX 20.11) (preloaded format=pdflatex 2020.11.9)  31 JAN 2022 02:10
entering extended mode
**./dissertacao_final.tex
(dissertacao_final.tex
LaTeX2e <2020-10-01> patch level 2
L3 programming layer <2020-10-27> xparse <2020-03-03> (abntex2ppgsi.cls
(D:\Miktex\tex/latex/anyfontsize\anyfontsize.sty
Package: anyfontsize 2007/11/22 anyfontsize.sty by pts
)
Document Class: abntex2ppgsi 2014/01/26 v1.9.2 abnTeX2
(D:\Miktex\tex/latex/base\ifthen.sty
Package: ifthen 2014/09/29 v1.1c Standard LaTeX ifthen package (DPC)
) (D:\Miktex\tex/latex/memoir\memoir.cls
Document Class: memoir 2020/10/04 v3.7n configurable book, report, article docu
ment class
\onelineskip=\skip47
\lxvchars=\skip48
\xlvchars=\skip49
\@memcnta=\count175
\c@@memmarkcntra=\count176
(D:\Miktex\tex/generic/iftex\iftex.sty
Package: iftex 2020/03/06 v1.0d TeX engine tests
)
\stockheight=\skip50
\stockwidth=\skip51
\trimtop=\skip52
\trimedge=\skip53
 (D:\Miktex\tex/latex/memoir\mem12.clo
File: mem12.clo 2010/10/19 v0.4b memoir class 12pt size option
)
\binding=\skip54
\spinemargin=\skip55
\foremargin=\skip56
\uppermargin=\skip57
\lowermargin=\skip58
\headdrop=\skip59
\normalrulethickness=\skip60
\mem@maxheadheight=\skip61
\mem@maxfootheight=\skip62
\headwidth=\skip63
\c@storedpagenumber=\count177
\memPD=\dimen138
\m@mabparskip=\skip64
\thanksmarkwidth=\skip65
\thanksmarksep=\skip66
\droptitle=\skip67
\c@book=\count178
\c@part=\count179
\c@chapter=\count180
\c@section=\count181
\c@subsection=\count182
\c@subsubsection=\count183
\c@paragraph=\count184
\c@subparagraph=\count185
\beforechapskip=\skip68
\midchapskip=\skip69
\afterchapskip=\skip70
\chapindent=\skip71
\bottomsectionskip=\skip72
\secindent=\skip73
\beforesecskip=\skip74
\aftersecskip=\skip75
\subsecindent=\skip76
\beforesubsecskip=\skip77
\aftersubsecskip=\skip78
\subsubsecindent=\skip79
\beforesubsubsecskip=\skip80
\aftersubsubsecskip=\skip81
\paraindent=\skip82
\beforeparaskip=\skip83
\afterparaskip=\skip84
\subparaindent=\skip85
\beforesubparaskip=\skip86
\aftersubparaskip=\skip87
\pfbreakskip=\skip88
\c@@ppsavesec=\count186
\c@@ppsaveapp=\count187
\ragrparindent=\dimen139
\everylistparindent=\dimen140
\parsepi=\skip89
\topsepi=\skip90
\itemsepi=\skip91
\parsepii=\skip92
\topsepii=\skip93
\topsepiii=\skip94
\itemsepii=\skip95
\itemsepiii=\skip96
\partopsepii=\skip97
\partopsepiii=\skip98
\m@msavetopsep=\skip99
\m@msavepartopsep=\skip100
\@enLab=\toks15
\abstitleskip=\skip101
\absleftindent=\skip102
\abs@leftindent=\dimen141
\absrightindent=\skip103
\absparindent=\skip104
\absparsep=\skip105
\c@vslineno=\count188
\c@poemline=\count189
\c@modulo@vs=\count190
\c@memfvsline=\count191
\vleftskip=\skip106
\vrightskip=\skip107
\stanzaskip=\skip108
\versewidth=\skip109
\vgap=\skip110
\vindent=\skip111
\vleftmargin=\dimen142
\c@verse=\count192
\c@chrsinstr=\count193
\beforepoemtitleskip=\skip112
\afterpoemtitleskip=\skip113
\c@poem=\count194
\beforePoemTitleskip=\skip114
\midPoemTitleskip=\skip115
\afterPoemTitleskip=\skip116

(D:\Miktex\tex/latex/tools\array.sty
Package: array 2019/08/31 v2.4l Tabular extension package (FMi)
\col@sep=\dimen143
\ar@mcellbox=\box47
\extrarowheight=\dimen144
\NC@list=\toks16
\extratabsurround=\skip117
\backup@length=\skip118
\ar@cellbox=\box48
) (D:\Miktex\tex/latex/tools\dcolumn.sty
Package: dcolumn 2014/10/28 v1.06 decimal alignment package (DPC)
)
(D:\Miktex\tex/latex/tools\delarray.sty
Package: delarray 2014/10/28 v1.01 array delimiter package (DPC)
)
(D:\Miktex\tex/latex/tools\tabularx.sty
Package: tabularx 2020/01/15 v2.11c `tabularx' package (DPC)
\TX@col@width=\dimen145
\TX@old@table=\dimen146
\TX@old@col=\dimen147
\TX@target=\dimen148
\TX@delta=\dimen149
\TX@cols=\count195
\TX@ftn=\toks17
)
\heavyrulewidth=\dimen150
\lightrulewidth=\dimen151
\cmidrulewidth=\dimen152
\belowrulesep=\dimen153
\belowbottomsep=\dimen154
\aboverulesep=\dimen155
\abovetopsep=\dimen156
\cmidrulesep=\dimen157
\cmidrulekern=\dimen158
\defaultaddspace=\dimen159
\@cmidla=\count196
\@cmidlb=\count197
\@aboverulesep=\dimen160
\@belowrulesep=\dimen161
\@thisruleclass=\count198
\@lastruleclass=\count199
\@thisrulewidth=\dimen162
\ctableftskip=\skip119
\ctabrightskip=\skip120
\abovecolumnspenalty=\count266
\@linestogo=\count267
\@cellstogo=\count268
\@cellsincolumn=\count269
\crtok=\toks18
\@mincolumnwidth=\dimen163
\c@newflo@tctr=\count270
\mem@margin@floatbox=\box49
\@contcwidth=\skip121
\@contindw=\skip122
\abovecaptionskip=\skip123
\belowcaptionskip=\skip124
\subfloattopskip=\skip125
\subfloatcapskip=\skip126
\subfloatcaptopadj=\skip127
\subfloatbottomskip=\skip128
\subfloatlabelskip=\skip129
\subfloatcapmargin=\dimen164
\c@@contsubnum=\count271
\m@mscap@capbox=\box50
\m@mscap@fbox=\box51
\sidecapsep=\dimen165
\sidecapwidth=\dimen166
\m@m@tempdima=\dimen167
\m@mscapraise=\dimen168
\sidecapraise=\dimen169
\m@mscapmainwidth=\dimen170
\m@mscaplkern=\dimen171
\beforeepigraphskip=\skip130
\afterepigraphskip=\skip131
\epigraphwidth=\skip132
\epigraphrule=\skip133
LaTeX Info: Redefining \em on input line 7678.
LaTeX Info: Redefining \emph on input line 7686.
\tocentryskip=\skip134
\tocbaseline=\skip135
\cftparskip=\skip136
\cftbeforebookskip=\skip137
\cftbookindent=\dimen172
\cftbooknumwidth=\dimen173
\cftbeforepartskip=\skip138
\cftpartindent=\skip139
\cftpartnumwidth=\skip140
\cftbeforechapterskip=\skip141
\cftchapterindent=\skip142
\cftchapternumwidth=\skip143
\cftbeforesectionskip=\skip144
\cftsectionindent=\skip145
\cftsectionnumwidth=\skip146
\cftbeforesubsectionskip=\skip147
\cftsubsectionindent=\skip148
\cftsubsectionnumwidth=\skip149
\cftbeforesubsubsectionskip=\skip150
\cftsubsubsectionindent=\skip151
\cftsubsubsectionnumwidth=\skip152
\cftbeforeparagraphskip=\skip153
\cftparagraphindent=\skip154
\cftparagraphnumwidth=\skip155
\cftbeforesubparagraphskip=\skip156
\cftsubparagraphindent=\skip157
\cftsubparagraphnumwidth=\skip158
\prechapterprecisshift=\dimen174
\c@maxsecnumdepth=\count272
\bibindent=\dimen175
\bibitemsep=\skip159
\indexcolsep=\skip160
\indexrule=\skip161
\indexmarkstyle=\toks19
\@indexbox=\insert252
\glossarycolsep=\dimen176
\glossaryrule=\dimen177
\sideparvshift=\skip162
\sideins=\insert251
\sidebartopsep=\skip163
\sidebarhsep=\skip164
\sidebarvsep=\skip165
\sidebarwidth=\skip166
\footmarkwidth=\skip167
\footmarksep=\skip168
\footparindent=\skip169
\footinsdim=\skip170
\footinsv@r=\insert250
\@mpfootinsv@r=\insert249
\m@m@k=\count273
\m@m@h=\dimen178
\m@mipn@skip=\skip171
\sidefootins=\insert248
\sidefootadjust=\skip172
\sidefootheight=\skip173
\sidefoothsep=\skip174
\sidefootvsep=\skip175
\sidefootwidth=\skip176
\m@mdownsf=\skip177
\c@sidefootnote=\count274
\sidefootmarkwidth=\skip178
\sidefootmarksep=\skip179
\sidefootparindent=\skip180
\c@pagenote=\count275
\c@pagenoteshadow=\count276
\mem@pn@lastkern=\skip181
\every@verbatim=\toks20
\afterevery@verbatim=\toks21
\verbatim@line=\toks22
\tab@position=\count277
\verbatim@in@stream=\read2
\verbatimindent=\skip182
\verbatim@out=\write3
\bvboxsep=\skip183
\c@memfbvline=\count278
\c@bvlinectr=\count279
\bvnumlength=\skip184
\fb@frw=\dimen179
\fb@frh=\dimen180
\FrameRule=\dimen181
\FrameSep=\dimen182
\c@cp@cntr=\count280
\c@ism@mctr=\count281
\c@xsm@mctr=\count282
\c@csm@mctr=\count283
\c@ksm@mctr=\count284
\c@xksm@mctr=\count285
\c@cksm@mctr=\count286
\c@msm@mctr=\count287
\c@xmsm@mctr=\count288
\c@cmsm@mctr=\count289
\c@bsm@mctr=\count290
\c@workm@mctr=\count291
\c@sheetsequence=\count292
\c@lastsheet=\count293
\c@lastpage=\count294

(D:\Miktex\tex/latex/textcase\textcase.sty
Package: textcase 2019/09/14 v1.00 Text only upper/lower case changing (DPC)
)
\c@figure=\count295
\c@lofdepth=\count296
\cftbeforefigureskip=\skip185
\cftfigureindent=\skip186
\cftfigurenumwidth=\skip187
\c@table=\count297
\c@lotdepth=\count298
\cftbeforetableskip=\skip188
\cfttableindent=\skip189
\cfttablenumwidth=\skip190
Package abstract [2008/07/23] emulated by memoir.
Package appendix [2008/07/23] emulated by memoir.
Package booktabs [2016/05/16] emulated by memoir.
Package ccaption [2008/07/23] emulated by memoir.
Package changepage [2008/07/23] emulated by memoir.
Package chngcntr [2008/07/23] emulated by memoir.
Package chngpage [2008/07/23] emulated by memoir.
Package crop emulated by memoir.
Package enumerate [2008/07/23] emulated by memoir.
Package epigraph [2008/07/23] emulated by memoir.
Package ifmtarg [2008/07/23] emulated by memoir.
Package index [2008/07/23] emulated by memoir.
Package makeidx [2008/07/23] emulated by memoir.
Package moreverb [2008/07/23] emulated by memoir.
Package mparhack [2008/07/23] emulated by memoir.
Package needspace [2008/07/23] emulated by memoir.
Package newfile [2008/07/23] emulated by memoir.
Package nextpage [2008/07/23] emulated by memoir.
Package pagenote [2008/07/23] emulated by memoir.
Package parskip [2008/07/23] emulated by memoir.
Package patchcmd [2008/07/23] emulated by memoir.
Package setspace [2008/07/23] emulated by memoir.
Package shortvrb [2008/07/23] emulated by memoir.
Package showidx [2008/07/23] emulated by memoir.
Package titleref [2008/07/23] emulated by memoir.
Package titling [2008/07/23] emulated by memoir.
Package tocbibind [2008/07/23] emulated by memoir.
Package tocloft [2008/07/23] emulated by memoir.
Package tocvsec2 [2008/07/23] emulated by memoir.
Package verbatim [2008/07/23] emulated by memoir.
Package verse [2008/07/23] emulated by memoir.
)
(D:\Miktex\tex/latex/hyperref\hyperref.sty
Package: hyperref 2020-05-15 v7.00e Hypertext links for LaTeX

(D:\Miktex\tex/generic/ltxcmds\ltxcmds.sty
Package: ltxcmds 2020-05-10 v1.25 LaTeX kernel commands for general use (HO)
)
(D:\Miktex\tex/generic/pdftexcmds\pdftexcmds.sty
Package: pdftexcmds 2020-06-27 v0.33 Utility functions of pdfTeX for LuaTeX (HO
)

(D:\Miktex\tex/generic/infwarerr\infwarerr.sty
Package: infwarerr 2019/12/03 v1.5 Providing info/warning/error messages (HO)
)
Package pdftexcmds Info: \pdf@primitive is available.
Package pdftexcmds Info: \pdf@ifprimitive is available.
Package pdftexcmds Info: \pdfdraftmode found.
)
(D:\Miktex\tex/latex/graphics\keyval.sty
Package: keyval 2014/10/28 v1.15 key=value parser (DPC)
\KV@toks@=\toks23
)
(D:\Miktex\tex/generic/kvsetkeys\kvsetkeys.sty
Package: kvsetkeys 2019/12/15 v1.18 Key value parser (HO)
)
(D:\Miktex\tex/generic/kvdefinekeys\kvdefinekeys.sty
Package: kvdefinekeys 2019-12-19 v1.6 Define keys (HO)
)
(D:\Miktex\tex/generic/pdfescape\pdfescape.sty
Package: pdfescape 2019/12/09 v1.15 Implements pdfTeX's escape features (HO)
)
(D:\Miktex\tex/latex/hycolor\hycolor.sty
Package: hycolor 2020-01-27 v1.10 Color options for hyperref/bookmark (HO)
)
(D:\Miktex\tex/latex/letltxmacro\letltxmacro.sty
Package: letltxmacro 2019/12/03 v1.6 Let assignment for LaTeX macros (HO)
)
(D:\Miktex\tex/latex/auxhook\auxhook.sty
Package: auxhook 2019-12-17 v1.6 Hooks for auxiliary files (HO)
)
(D:\Miktex\tex/latex/kvoptions\kvoptions.sty
Package: kvoptions 2019/11/29 v3.13 Key value format for package options (HO)
)
\@linkdim=\dimen183
\Hy@linkcounter=\count299
\Hy@pagecounter=\count300

(D:\Miktex\tex/latex/hyperref\pd1enc.def
File: pd1enc.def 2020-05-15 v7.00e Hyperref: PDFDocEncoding definition (HO)
Now handling font encoding PD1 ...
... no UTF-8 mapping file for font encoding PD1
)
(D:\Miktex\tex/generic/intcalc\intcalc.sty
Package: intcalc 2019/12/15 v1.3 Expandable calculations with integers (HO)
)
(D:\Miktex\tex/generic/etexcmds\etexcmds.sty
Package: etexcmds 2019/12/15 v1.7 Avoid name clashes with e-TeX commands (HO)
)
\Hy@SavedSpaceFactor=\count301
Package hyperref Info: Hyper figures OFF on input line 4464.
Package hyperref Info: Link nesting OFF on input line 4469.
Package hyperref Info: Hyper index ON on input line 4472.
Package hyperref Info: Plain pages OFF on input line 4479.
Package hyperref Info: Backreferencing OFF on input line 4484.
Package hyperref Info: Implicit mode ON; LaTeX internals redefined.
Package hyperref Info: Bookmarks ON on input line 4717.
\c@Hy@tempcnt=\count302
 (D:\Miktex\tex/latex/url\url.sty
\Urlmuskip=\muskip16
Package: url 2013/09/16  ver 3.4  Verb mode for urls, etc.
)
LaTeX Info: Redefining \url on input line 5076.
\XeTeXLinkMargin=\dimen184
(D:\Miktex\tex/generic/bitset\bitset.sty
Package: bitset 2019/12/09 v1.3 Handle bit-vector datatype (HO)

(D:\Miktex\tex/generic/bigintcalc\bigintcalc.sty
Package: bigintcalc 2019/12/15 v1.5 Expandable calculations on big integers (HO
)
))
\Fld@menulength=\count303
\Field@Width=\dimen185
\Fld@charsize=\dimen186
Package hyperref Info: Hyper figures OFF on input line 6347.
Package hyperref Info: Link nesting OFF on input line 6352.
Package hyperref Info: Hyper index ON on input line 6355.
Package hyperref Info: backreferencing OFF on input line 6362.
Package hyperref Info: Link coloring OFF on input line 6367.
Package hyperref Info: Link coloring with OCG OFF on input line 6372.
Package hyperref Info: PDF/A mode OFF on input line 6377.
LaTeX Info: Redefining \ref on input line 6417.
LaTeX Info: Redefining \pageref on input line 6421.

(D:\Miktex\tex/latex/base\atbegshi-ltx.sty
Package: atbegshi-ltx 2020/08/17 v1.0a Emulation of the original atbegshi packa
ge
with kernel methods
)
\Hy@abspage=\count304
\c@Item=\count305
\c@Hfootnote=\count306
)
(D:\Miktex\tex/latex/memoir\memhfixc.sty
Package: memhfixc 2019/10/24 v1.18 nameref/hyperref package fixes for memoir cl
ass
\c@memhycontfloat=\count307
\c@Hpagenote=\count308
)
Package hyperref Info: Driver (autodetected): hpdftex.

(D:\Miktex\tex/latex/hyperref\hpdftex.def
File: hpdftex.def 2020-05-15 v7.00e Hyperref driver for pdfTeX

(D:\Miktex\tex/latex/base\atveryend-ltx.sty
Package: atveryend-ltx 2020/08/19 v1.0a Emulation of the original atvery packag
e
with kernel methods
)
\Fld@listcount=\count309
\c@bookmark@seq@number=\count310

(D:\Miktex\tex/latex/rerunfilecheck\rerunfilecheck.sty
Package: rerunfilecheck 2019/12/05 v1.9 Rerun checks for auxiliary files (HO)

(D:\Miktex\tex/generic/uniquecounter\uniquecounter.sty
Package: uniquecounter 2019/12/15 v1.4 Provide unlimited unique counter (HO)
)
Package uniquecounter Info: New unique counter `rerunfilecheck' on input line 2
86.
)
\Hy@SectionHShift=\skip191
)
(D:\Miktex\tex/latex/bookmark\bookmark.sty
Package: bookmark 2019/12/03 v1.28 PDF bookmarks (HO)

(D:\Miktex\tex/latex/bookmark\bkm-pdftex.def
File: bkm-pdftex.def 2019/12/03 v1.28 bookmark driver for pdfTeX (HO)
\BKM@id=\count311
))
(D:\Miktex\tex/generic/babel\babel.sty
Package: babel 2020/10/27 3.51 The Babel package
 (D:\Miktex\tex/generic/babel\babel.def
File: babel.def 2020/10/27 3.51 Babel common definitions
\babel@savecnt=\count312
\U@D=\dimen187
\l@babelnohyphens=\language79

(D:\Miktex\tex/generic/babel\txtbabel.def)
\bbl@readstream=\read3
)
\bbl@dirlevel=\count313

*************************************
* Local config file bblopts.cfg used
*
(D:\Miktex\tex/latex/arabi\bblopts.cfg
File: bblopts.cfg 2005/09/08 v0.1 add Arabic and Farsi to "declared" options of
 babel
)
(D:\Miktex\tex/latex/babel-english\english.ldf
Language: english 2017/06/06 v3.3r English support from the babel system
Package babel Info: \l@canadian = using hyphenrules for english
(babel)             (\language0) on input line 102.
Package babel Info: \l@australian = using hyphenrules for ukenglish
(babel)             (\language73) on input line 105.
Package babel Info: \l@newzealand = using hyphenrules for ukenglish
(babel)             (\language73) on input line 108.
)
(D:\Miktex\tex/latex/babel-portuges\brazil.ldf
Language: portuges 2020/05/04 v1.2r Portuguese support from the babel system
Package babel Info: \l@brazil = using hyphenrules for portuguese
(babel)             (\language56) on input line 111.
Package babel Info: Making " an active character on input line 143.
))
\c@quadro=\count314
\c@loqdepth=\count315
\cftbeforequadroskip=\skip192
\cftquadroindent=\skip193
\cftquadronumwidth=\skip194

(D:\Miktex\tex/latex/enumitem\enumitem.sty
Package: enumitem 2019/06/20 v3.9 Customized lists
\labelindent=\skip195
\enit@outerparindent=\dimen188
\enit@toks=\toks24
\enit@inbox=\box52
\enit@count@id=\count316
\enitdp@description=\count317
) (D:\Miktex\tex/latex/tools\calc.sty
Package: calc 2017/05/25 v4.3 Infix arithmetic (KKT,FJ)
\calc@Acount=\count318
\calc@Bcount=\count319
\calc@Adimen=\dimen189
\calc@Bdimen=\dimen190
\calc@Askip=\skip196
\calc@Bskip=\skip197
LaTeX Info: Redefining \setlength on input line 80.
LaTeX Info: Redefining \addtolength on input line 81.
\calc@Ccount=\count320
\calc@Cskip=\skip198
)

******************************************************
Stock height and width: 845.04684pt by 597.50787pt
Top and edge trims: 0pt and 0pt
Page height and width: 845.04684pt by 597.50787pt
Text height and width: 708pt by 455pt
Spine and edge margins: 85.35826pt and 56.9055pt
Upper and lower margins: 85.35826pt and 51.68858pt
Headheight and headsep: 14.5pt and 19.8738pt
Footskip: 30pt
Columnsep and columnseprule: 10pt and 0pt
Marginparsep and marginparwidth: 7pt and 42.9055pt
Sidecapsep and sidecapwidth: 7pt and 42pt
Sidebarhsep and sidebarwidth: 7pt and 42pt
Sidebarvsep and sidebartopsep: 14.5pt and 0pt
Sidebarheight: 590.14995pt
Sidefoothsep and sidefootwidth: 7pt and 42pt
Sidefootvsep and sidefootheight: 14.5pt and 590.14995pt
******************************************************

\c@abntex@bookmarkcounter=\count321
\cftlastnumwidth=\skip199
\chapternamenumlength=\skip256
\ABNTEXcitacaorecuo=\skip257
\c@alineasi=\count322
\c@alineasii=\count323
\enitdp@alineas=\count324
\c@subalineasi=\count325
\enitdp@subalineas=\count326
\c@incisosi=\count327
\enitdp@incisos=\count328
\ABNTEXsignwidth=\skip258
\ABNTEXsignthickness=\skip259
\ABNTEXsignskip=\skip260
(D:\Miktex\tex/latex/algorithms\algorithm.sty
Package: algorithm 2009/08/24 v0.1 Document Style `algorithm' - floating enviro
nment

(D:\Miktex\tex/latex/float\float.sty
Package: float 2001/11/08 v1.3d Float enhancements (AL)
\c@float@type=\count329
\float@exts=\toks25
\float@box=\box53
\@float@everytoks=\toks26
\@floatcapt=\box54
)
\@float@every@algorithm=\toks27
\c@algorithm=\count330
)) (D:\Miktex\tex/latex/base\inputenc.sty
Package: inputenc 2020/08/01 v1.3d Input encoding file
\inpenc@prehook=\toks28
\inpenc@posthook=\toks29
) (D:\Miktex\tex/latex/lastpage\lastpage.sty
Package: lastpage 2015/03/29 v1.2m Refers to last page's name (HMM; JPG)
)
(D:\Miktex\tex/latex/tools\indentfirst.sty
Package: indentfirst 1995/11/23 v1.03 Indent first paragraph (DPC)
)
(D:\Miktex\tex/latex/graphics\color.sty
Package: color 2020/02/24 v1.2b Standard LaTeX Color (DPC)

(D:\Miktex\tex/latex/graphics-cfg\color.cfg
File: color.cfg 2016/01/02 v1.6 sample color configuration
)
Package color Info: Driver file: pdftex.def on input line 147.

(D:\Miktex\tex/latex/graphics-def\pdftex.def
File: pdftex.def 2020/10/05 v1.2a Graphics/color driver for pdftex
))
(D:\Miktex\tex/latex/graphics\graphicx.sty
Package: graphicx 2020/09/09 v1.2b Enhanced LaTeX Graphics (DPC,SPQR)

(D:\Miktex\tex/latex/graphics\graphics.sty
Package: graphics 2020/08/30 v1.4c Standard LaTeX Graphics (DPC,SPQR)

(D:\Miktex\tex/latex/graphics\trig.sty
Package: trig 2016/01/03 v1.10 sin cos tan (DPC)
)
(D:\Miktex\tex/latex/graphics-cfg\graphics.cfg
File: graphics.cfg 2016/06/04 v1.11 sample graphics configuration
)
Package graphics Info: Driver file: pdftex.def on input line 105.
)
\Gin@req@height=\dimen191
\Gin@req@width=\dimen192
)
(D:\Miktex\tex/latex/microtype\microtype.sty
Package: microtype 2019/11/18 v2.7d Micro-typographical refinements (RS)
\MT@toks=\toks30
\MT@count=\count331
LaTeX Info: Redefining \textls on input line 790.
\MT@outer@kern=\dimen193
LaTeX Info: Redefining \textmicrotypecontext on input line 1354.
\MT@listname@count=\count332

(D:\Miktex\tex/latex/microtype\microtype-pdftex.def
File: microtype-pdftex.def 2019/11/18 v2.7d Definitions specific to pdftex (RS)

LaTeX Info: Redefining \lsstyle on input line 914.
LaTeX Info: Redefining \lslig on input line 914.
\MT@outer@space=\skip261
)
Package microtype Info: Loading configuration file microtype.cfg.

(D:\Miktex\tex/latex/microtype\microtype.cfg
File: microtype.cfg 2019/11/18 v2.7d microtype main configuration file (RS)
))
(D:\Miktex\tex/latex/pdfpages\pdfpages.sty
Package: pdfpages 2020/01/28 v0.5q Insert pages of external PDF documents (AM)

(D:\Miktex\tex/latex/eso-pic\eso-pic.sty
Package: eso-pic 2020/09/27 v2.0i eso-pic (RN)
\ESO@tempdima=\dimen194
\ESO@tempdimb=\dimen195
)
\AM@pagewidth=\dimen196
\AM@pageheight=\dimen197

(D:\Miktex\tex/latex/pdfpages\pppdftex.def
File: pppdftex.def 2020/01/28 v0.5q Pdfpages driver for pdfTeX (AM)
)
\AM@pagebox=\box55
\AM@global@opts=\toks31
\AM@pagecnt=\count333
\AM@toc@title=\toks32
\c@AM@survey=\count334
\AM@templatesizebox=\box56
)
(D:\Miktex\tex/latex/mdwtools\mdwlist.sty
Package: mdwlist 1996/05/02 1.1 Various list-related things
)
(D:\Miktex\tex/latex/algorithmicx\algpseudocode.sty
Package: algpseudocode 

(D:\Miktex\tex/latex/algorithmicx\algorithmicx.sty
Package: algorithmicx 2005/04/27 v1.2 Algorithmicx

Document Style algorithmicx 1.2 - a greatly improved `algorithmic' style
\c@ALG@line=\count335
\c@ALG@rem=\count336
\c@ALG@nested=\count337
\ALG@tlm=\skip262
\ALG@thistlm=\skip263
\c@ALG@Lnr=\count338
\c@ALG@blocknr=\count339
\c@ALG@storecount=\count340
\c@ALG@tmpcounter=\count341
\ALG@tmplength=\skip264
)
Document Style - pseudocode environments for use with the `algorithmicx' style
) (D:\Miktex\tex/latex/quoting\quoting.sty
Package: quoting 2014/01/28 v0.1c Consolidated environment for displayed text

(D:\Miktex\tex/latex/etoolbox\etoolbox.sty
Package: etoolbox 2020/10/05 v2.5k e-TeX tools for LaTeX (JAW)
\etb@tempcnta=\count342
)
\quo@toppartop=\skip265
)
(D:\Miktex\tex/latex/was\upgreek.sty
Package: upgreek 2003/02/12 v2.0 (WaS)
Package upgreek Info: Using Adobe Symbol for upright Greek on input line 82.
\symugrf@m=\mathgroup4
) (D:\Miktex\tex/latex/siunitx\siunitx.sty
(D:\Miktex\tex/latex/l3kernel\expl3.sty
Package: expl3 2020-10-27 L3 programming layer (loader) 

(D:\Miktex\tex/latex/l3backend\l3backend-pdftex.def
File: l3backend-pdftex.def 2020-09-24 L3 backend support: PDF output (pdfTeX)
\l__kernel_color_stack_int=\count343
\l__pdf_internal_box=\box57
))
(D:\Miktex\tex/latex/l3packages/xparse\xparse.sty
Package: xparse 2020-10-27 L3 Experimental document command parser

(D:\Miktex\tex/latex/l3packages/xparse\xparse-generic.tex))
Package: siunitx 2020/02/25 v2.8b A comprehensive (SI) units package

(D:\Miktex\tex/latex/amsmath\amstext.sty
Package: amstext 2000/06/29 v2.01 AMS text

(D:\Miktex\tex/latex/amsmath\amsgen.sty
File: amsgen.sty 1999/11/30 v2.0 generic functions
\@emptytoks=\toks33
\ex@=\dimen198
))
(D:\Miktex\tex/latex/l3packages/l3keys2e\l3keys2e.sty
Package: l3keys2e 2020-10-27 LaTeX2e option processing using LaTeX3 keys
)
\l__siunitx_tmp_box=\box58
\l__siunitx_tmp_dim=\dimen199
\l__siunitx_tmp_int=\count344
\l__siunitx_number_mantissa_length_int=\count345
\l__siunitx_number_uncert_length_int=\count346
\l__siunitx_round_int=\count347
\l__siunitx_process_decimal_int=\count348
\l__siunitx_process_uncertainty_int=\count349
\l__siunitx_process_fixed_int=\count350
\l__siunitx_process_integer_min_int=\count351
\l__siunitx_process_precision_int=\count352
\l__siunitx_group_min_int=\count353
\l__siunitx_angle_marker_box=\box59
\l__siunitx_angle_unit_box=\box60
\l__siunitx_angle_marker_dim=\dimen256
\l__siunitx_angle_unit_dim=\dimen257
\l__siunitx_unit_int=\count354
\l__siunitx_unit_denominator_int=\count355
\l__siunitx_unit_numerator_int=\count356
\l__siunitx_unit_prefix_int=\count357
\l__siunitx_unit_prefix_base_int=\count358
\l__siunitx_unit_prefix_gram_int=\count359
\l__siunitx_number_product_int=\count360
\c__siunitx_one_fill_skip=\skip266
\l__siunitx_table_unit_align_skip=\skip267
\l__siunitx_table_exponent_dim=\dimen258
\l__siunitx_table_integer_dim=\dimen259
\l__siunitx_table_mantissa_dim=\dimen260
\l__siunitx_table_marker_dim=\dimen261
\l__siunitx_table_result_dim=\dimen262
\l__siunitx_table_uncert_dim=\dimen263
\l__siunitx_table_fill_pre_dim=\dimen264
\l__siunitx_table_fill_post_dim=\dimen265
\l__siunitx_table_fill_mid_dim=\dimen266
\l__siunitx_table_pre_box=\box61
\l__siunitx_table_post_box=\box62
\l__siunitx_table_mantissa_box=\box63
\l__siunitx_table_result_box=\box64
\l__siunitx_table_number_align_skip=\skip268
\l__siunitx_table_text_align_skip=\skip269

(D:\Miktex\tex/latex/translator\translator.sty
Package: translator 2020-08-03 v1.12c Easy translation of strings in LaTeX
))
(D:\Miktex\tex/latex/multirow\multirow.sty
Package: multirow 2019/05/31 v2.5 Span multiple rows of a table
\multirow@colwidth=\skip270
\multirow@cntb=\count361
\multirow@dima=\skip271
\bigstrutjot=\dimen267
)
(D:\Miktex\tex/latex/amsmath\amsmath.sty
Package: amsmath 2020/09/23 v2.17i AMS math features
\@mathmargin=\skip272

For additional information on amsmath, use the `?' option.
(D:\Miktex\tex/latex/amsmath\amsbsy.sty
Package: amsbsy 1999/11/29 v1.2d Bold Symbols
\pmbraise@=\dimen268
)
(D:\Miktex\tex/latex/amsmath\amsopn.sty
Package: amsopn 2016/03/08 v2.02 operator names
)
\inf@bad=\count362
LaTeX Info: Redefining \frac on input line 234.
\uproot@=\count363
\leftroot@=\count364
LaTeX Info: Redefining \overline on input line 399.
\classnum@=\count365
\DOTSCASE@=\count366
LaTeX Info: Redefining \ldots on input line 496.
LaTeX Info: Redefining \dots on input line 499.
LaTeX Info: Redefining \cdots on input line 620.
\Mathstrutbox@=\box65
\strutbox@=\box66
\big@size=\dimen269
LaTeX Font Info:    Redeclaring font encoding OML on input line 743.
LaTeX Font Info:    Redeclaring font encoding OMS on input line 744.
\macc@depth=\count367
\c@MaxMatrixCols=\count368
\dotsspace@=\muskip17
\c@parentequation=\count369
\dspbrk@lvl=\count370
\tag@help=\toks34
\row@=\count371
\column@=\count372
\maxfields@=\count373
\andhelp@=\toks35
\eqnshift@=\dimen270
\alignsep@=\dimen271
\tagshift@=\dimen272
\tagwidth@=\dimen273
\totwidth@=\dimen274
\lineht@=\dimen275
\@envbody=\toks36
\multlinegap=\skip273
\multlinetaggap=\skip274
\mathdisplay@stack=\toks37
LaTeX Info: Redefining \[ on input line 2923.
LaTeX Info: Redefining \] on input line 2924.
)
(D:\Miktex\tex/latex/blindtext\blindtext.sty
Package: blindtext 2012/01/06 V2.0 blindtext-Package

(D:\Miktex\tex/latex/tools\xspace.sty
Package: xspace 2014/10/28 v1.13 Space after command names (DPC,MH)
)
\c@blindtext=\count374
\c@Blindtext=\count375
\c@blind@countparstart=\count376
\blind@countxx=\count377
\blindtext@numBlindtext=\count378
\blind@countyy=\count379
\c@blindlist=\count380
\c@blindlistlevel=\count381
\c@blindlist@level=\count382
\blind@listitem=\count383
\c@blind@listcount=\count384
\c@blind@levelcount=\count385
\blind@mathformula=\count386
\blind@Mathformula=\count387
\c@blind@randomcount=\count388
\c@blind@randommax=\count389
\c@blind@pangramcount=\count390
\c@blind@pangrammax=\count391
)
(D:\Miktex\tex/latex/adjustbox\adjustbox.sty
Package: adjustbox 2020/08/19 v1.3 Adjusting TeX boxes (trim, clip, ...)

(D:\Miktex\tex/latex/xkeyval\xkeyval.sty
Package: xkeyval 2014/12/03 v2.7a package option processing (HA)

(D:\Miktex\tex/generic/xkeyval\xkeyval.tex
(D:\Miktex\tex/generic/xkeyval\xkvutils.tex
\XKV@toks=\toks38
\XKV@tempa@toks=\toks39
)
\XKV@depth=\count392
File: xkeyval.tex 2014/12/03 v2.7a key=value parser (HA)
))
(D:\Miktex\tex/latex/adjustbox\adjcalc.sty
Package: adjcalc 2012/05/16 v1.1 Provides advanced setlength with multiple back
-ends (calc, etex, pgfmath)
)
(D:\Miktex\tex/latex/adjustbox\trimclip.sty
Package: trimclip 2020/08/19 v1.2 Trim and clip general TeX material

(D:\Miktex\tex/latex/collectbox\collectbox.sty
Package: collectbox 2012/05/17 v0.4b Collect macro arguments as boxes
\collectedbox=\box67
)
\tc@llx=\dimen276
\tc@lly=\dimen277
\tc@urx=\dimen278
\tc@ury=\dimen279
Package trimclip Info: Using driver 'tc-pdftex.def'.

(D:\Miktex\tex/latex/adjustbox\tc-pdftex.def
File: tc-pdftex.def 2019/01/04 v2.2 Clipping driver for pdftex
))
\adjbox@Width=\dimen280
\adjbox@Height=\dimen281
\adjbox@Depth=\dimen282
\adjbox@Totalheight=\dimen283
\adjbox@pwidth=\dimen284
\adjbox@pheight=\dimen285
\adjbox@pdepth=\dimen286
\adjbox@ptotalheight=\dimen287

(D:\Miktex\tex/latex/ifoddpage\ifoddpage.sty
Package: ifoddpage 2016/04/23 v1.1 Conditionals for odd/even page detection
\c@checkoddpage=\count393
LaTeX Info: Redefining \checkoddpage on input line 45.
)
(D:\Miktex\tex/latex/varwidth\varwidth.sty
Package: varwidth 2009/03/30 ver 0.92;  Variable-width minipages
\@vwid@box=\box68
\sift@deathcycles=\count394
\@vwid@loff=\dimen288
\@vwid@roff=\dimen289
))
(D:\Miktex\tex/latex/ragged2e\ragged2e.sty
Package: ragged2e 2019/07/28 v2.2 ragged2e Package (MS)
 (D:\Miktex\tex/latex/ms\everysel.sty
Package: everysel 2011/10/28 v1.2 EverySelectfont Package (MS)
)
\CenteringLeftskip=\skip275
\RaggedLeftLeftskip=\skip276
\RaggedRightLeftskip=\skip277
\CenteringRightskip=\skip278
\RaggedLeftRightskip=\skip279
\RaggedRightRightskip=\skip280
\CenteringParfillskip=\skip281
\RaggedLeftParfillskip=\skip282
\RaggedRightParfillskip=\skip283
\JustifyingParfillskip=\skip284
\CenteringParindent=\skip285
\RaggedLeftParindent=\skip286
\RaggedRightParindent=\skip287
\JustifyingParindent=\skip288
) (D:\Miktex\tex/latex/hyperref\backref.sty
Package: backref 2020/01/14 v1.40 Bibliographical back referencing
)
(D:\Miktex\tex/latex/abntex2\abntex2cite.sty
Package: abntex2cite 2018/11/24 v-1.9.7 abnTeX2

(D:\Miktex\tex/latex/abntex2\abntex2abrev.sty)
\minimumbiblabelwidth=\skip289
\ABCIauxlen=\skip290
\c@ABCIaux=\count395
\c@ABCImax=\count396

(D:\Miktex\tex/generic/iftex\ifpdf.sty
Package: ifpdf 2019/10/25 v3.4 ifpdf legacy package. Use iftex instead.
)
(D:\Miktex\tex/generic/iftex\ifxetex.sty
Package: ifxetex 2019/10/25 v0.7 ifxetex legacy package. Use iftex instead.
)
(D:\Miktex\tex/latex/relsize\relsize.sty
Package: relsize 2013/03/29 ver 4.1
)
\biblabelsep=\skip291
LaTeX Info: Redefining \newblock on input line 591.
LaTeX Info: Redefining \cite on input line 618.
\ABCItoken=\toks40
)
Package color Info: Redefining color blue on input line 133.


Package hyperref Warning: Token not allowed in a PDF string (PDFDocEncoding):
(hyperref)                removing `\uppercase' on input line 150.


Package hyperref Warning: Token not allowed in a PDF string (PDFDocEncoding):
(hyperref)                removing `\newline' on input line 150.


Package hyperref Warning: Token not allowed in a PDF string (PDFDocEncoding):
(hyperref)                removing `\newline' on input line 150.


Package hyperref Warning: Token not allowed in a PDF string (PDFDocEncoding):
(hyperref)                removing `\newline' on input line 150.


Package hyperref Warning: Token not allowed in a PDF string (PDFDocEncoding):
(hyperref)                removing `\newline' on input line 150.


Package hyperref Warning: Token not allowed in a PDF string (PDFDocEncoding):
(hyperref)                removing `\newline' on input line 150.


Package hyperref Warning: Token not allowed in a PDF string (PDFDocEncoding):
(hyperref)                removing `\newline' on input line 150.


Package hyperref Warning: Token not allowed in a PDF string (PDFDocEncoding):
(hyperref)                removing `\newline' on input line 150.


Package hyperref Warning: Token not allowed in a PDF string (PDFDocEncoding):
(hyperref)                removing `\newline' on input line 150.

Package hyperref Info: Option `colorlinks' set `true' on input line 150.
\dissertacao_final@idxfile=\write4
\openout4 = `dissertacao_final.idx'.

Writing index file dissertacao_final.idx 
(dissertacao_final.aux)
\openout1 = `dissertacao_final.aux'.

LaTeX Font Info:    Checking defaults for OML/cmm/m/it on input line 201.
LaTeX Font Info:    ... okay on input line 201.
LaTeX Font Info:    Checking defaults for OMS/cmsy/m/n on input line 201.
LaTeX Font Info:    ... okay on input line 201.
LaTeX Font Info:    Checking defaults for OT1/cmr/m/n on input line 201.
LaTeX Font Info:    ... okay on input line 201.
LaTeX Font Info:    Checking defaults for T1/cmr/m/n on input line 201.
LaTeX Font Info:    ... okay on input line 201.
LaTeX Font Info:    Checking defaults for TS1/cmr/m/n on input line 201.
LaTeX Font Info:    ... okay on input line 201.
LaTeX Font Info:    Checking defaults for OMX/cmex/m/n on input line 201.
LaTeX Font Info:    ... okay on input line 201.
LaTeX Font Info:    Checking defaults for U/cmr/m/n on input line 201.
LaTeX Font Info:    ... okay on input line 201.
LaTeX Font Info:    Checking defaults for PD1/pdf/m/n on input line 201.
LaTeX Font Info:    ... okay on input line 201.
Package hyperref Info: Link coloring ON on input line 201.
 (D:\Miktex\tex/latex/hyperref\nameref.sty
Package: nameref 2019/09/16 v2.46 Cross-referencing by name of section

(D:\Miktex\tex/latex/refcount\refcount.sty
Package: refcount 2019/12/15 v3.6 Data extraction from label references (HO)
)
(D:\Miktex\tex/generic/gettitlestring\gettitlestring.sty
Package: gettitlestring 2019/12/15 v1.6 Cleanup title references (HO)
)
\c@section@level=\count397
)
Redoing nameref's sectioning
Redoing nameref's label
LaTeX Info: Redefining \nameref on input line 201.
LaTeX Info: Redefining \ref on input line 201.
LaTeX Info: Redefining \pageref on input line 201.
LaTeX Info: Redefining \nameref on input line 201.
\myptabbox=\box69
\myptabboxwidth=\skip292
Package lastpage Info: Please have a look at the pageslts package at
(lastpage)             https://www.ctan.org/pkg/pageslts
(lastpage)             ! on input line 201.
(D:\Miktex\tex/context/base/mkii\supp-pdf.mkii
[Loading MPS to PDF converter (version 2006.09.02).]
\scratchcounter=\count398
\scratchdimen=\dimen290
\scratchbox=\box70
\nofMPsegments=\count399
\nofMParguments=\count400
\everyMPshowfont=\toks41
\MPscratchCnt=\count401
\MPscratchDim=\dimen291
\MPnumerator=\count402
\makeMPintoPDFobject=\count403
\everyMPtoPDFconversion=\toks42
) (D:\Miktex\tex/latex/epstopdf-pkg\epstopdf-base.sty
Package: epstopdf-base 2020-01-24 v2.11 Base part for package epstopdf
Package epstopdf-base Info: Redefining graphics rule for `.eps' on input line 4
85.
)
LaTeX Info: Redefining \microtypecontext on input line 201.
Package microtype Info: Generating PDF output.
Package microtype Info: Character protrusion enabled (level 2).
Package microtype Info: Using default protrusion set `alltext'.
Package microtype Info: Automatic font expansion enabled (level 2),
(microtype)             stretch: 20, shrink: 20, step: 1, non-selected.
Package microtype Info: Using default expansion set `basictext'.
LaTeX Info: Redefining \showhyphens on input line 201.
Package microtype Info: No adjustment of tracking.
Package microtype Info: No adjustment of interword spacing.
Package microtype Info: No adjustment of character kerning.

(D:\Miktex\tex/latex/microtype\mt-cmr.cfg
File: mt-cmr.cfg 2013/05/19 v2.2 microtype config. file: Computer Modern Roman 
(RS)
)
(D:\Miktex\tex/latex/pdflscape\pdflscape.sty
Package: pdflscape 2019/12/05 v0.12 Display of landscape pages in PDF (HO)

(D:\Miktex\tex/latex/graphics\lscape.sty
Package: lscape 2020/05/28 v3.02 Landscape Pages (DPC)
)
Package pdflscape Info: Auto-detected driver: pdftex on input line 81.
)
(D:\Miktex\tex/latex/siunitx\siunitx-abbreviations.cfg
File: siunitx-abbreviations.cfg 2017/11/26 v2.7k siunitx: Abbreviated units
)
(D:\Miktex\tex/latex/translator\translator-basic-dictionary-English.dict
Dictionary: translator-basic-dictionary, Language: English 
)
(D:\Miktex\tex/latex/translator\translator-basic-dictionary-Portuguese.dict
Dictionary: translator-basic-dictionary, Language: portuguese 
)
ABD: EverySelectfont initializing macros
LaTeX Info: Redefining \selectfont on input line 201.
LaTeX Font Info:    Trying to load font information for U+psy on input line 201
.
 (D:\Miktex\tex/latex/psnfss\upsy.fd
File: upsy.fd 2001/06/04 font definitions for U/psy.
)
Package microtype Info: Loading generic protrusion settings for font family
(microtype)             `cmss' (encoding: OT1).
(microtype)             For optimal results, create family-specific settings.
(microtype)             See the microtype manual for details.
Package microtype Info: Loading generic protrusion settings for font family
(microtype)             `cmtt' (encoding: OT1).
(microtype)             For optimal results, create family-specific settings.
(microtype)             See the microtype manual for details.

[1

{C:/Users/Giovani/AppData/Local/MiKTeX/pdftex/config/pdftex.map}]
Underfull \hbox (badness 10000) in paragraph at lines 223--223

 []


Underfull \hbox (badness 10000) in paragraph at lines 223--223

 []


Underfull \hbox (badness 10000) in paragraph at lines 223--223
\OT1/cmr/m/n/12 (+20) Dissertac~ao apre-sen-tada ao De-par-ta-
 []


Underfull \hbox (badness 10000) in paragraph at lines 223--223

 []


Underfull \hbox (badness 1590) in paragraph at lines 223--223
[]\OT1/cmr/m/n/12 (+20) Area de con-cen-trac~ao: Ma-te-ri-ais e Pro-
 []


Underfull \hbox (badness 10000) in paragraph at lines 223--223

 []


Underfull \hbox (badness 10000) in paragraph at lines 223--223

 []

pdfTeX warning (ext4): destination with the same identifier (name{page.1}) has 
been already used, duplicate ignored
<to be read again> 
                   \relax 
l.223 
       [1



] [2


] [3] [4

] (dissertacao_final.lof [5

] [6] [7]) [8]
(dissertacao_final.lot) [9

] [10


] [11


] (dissertacao_final.toc [12

]
Overfull \hbox (4.02686pt too wide) in paragraph at lines 53--53
 [][] [][][]\OT1/cmr/bx/n/12 Caso 6 { ca-rac-te-rizac~ao do si-nal e iden-ti-f
icac~ao das frequ^encias 
 []

[13]) [14] [15


] [16] [17] [18

] [19

] [20] [21] [22] [23

] [24] [25]
<Figura1.png, id=441, 1067.48813pt x 404.26031pt>
File: Figura1.png Graphic file (type png)
<use Figura1.png>
Package pdftex.def Info: Figura1.png  used on input line 529.
(pdftex.def)             Requested size: 455.00397pt x 172.31108pt.
 [26pdfTeX warning (ext4): destination with the same identifier (name{figure.4.
1}) has been already used, duplicate ignored
<argument> ...shipout:D \box_use:N \l_shipout_box 
                                                  
l.539 \subsection
                 {\normalfont{\textbf{Tipos de rolamentos}}} <./Figura1.png>]
[27]
<Figura2.png, id=451, 454.69875pt x 45.92157pt>
File: Figura2.png Graphic file (type png)
<use Figura2.png>
Package pdftex.def Info: Figura2.png  used on input line 568.
(pdftex.def)             Requested size: 455.00984pt x 45.95297pt.
 [28pdfTeX warning (ext4): destination with the same identifier (name{figure.4.
2}) has been already used, duplicate ignored
<argument> ...shipout:D \box_use:N \l_shipout_box 
                                                  
l.576 \subsection
                 {\normalfont{\textbf{Carga e vida útil de rolamentos}}} <./Fi
gura2.png>] [29] [30]
<escamamento_nsk.png, id=472, 572.1375pt x 167.12437pt>
File: escamamento_nsk.png Graphic file (type png)
<use escamamento_nsk.png>
Package pdftex.def Info: escamamento_nsk.png  used on input line 628.
(pdftex.def)             Requested size: 455.00429pt x 132.90913pt.
 [31pdfTeX warning (ext4): destination with the same identifier (name{figure.4.
3}) has been already used, duplicate ignored
<argument> ...shipout:D \box_use:N \l_shipout_box 
                                                  
l.633 
       <./escamamento_nsk.png>]
<descascamento_nsk.png, id=478, 786.68906pt x 230.36063pt>
File: descascamento_nsk.png Graphic file (type png)
<use descascamento_nsk.png>
Package pdftex.def Info: descascamento_nsk.png  used on input line 637.
(pdftex.def)             Requested size: 455.00755pt x 133.23665pt.
<arranhaduras_nsk.png, id=480, 1240.635pt x 367.3725pt>
File: arranhaduras_nsk.png Graphic file (type png)
<use arranhaduras_nsk.png>
Package pdftex.def Info: arranhaduras_nsk.png  used on input line 646.
(pdftex.def)             Requested size: 454.99556pt x 134.73167pt.
<escorregamento_nsk.png, id=482, 671.50874pt x 194.97844pt>
File: escorregamento_nsk.png Graphic file (type png)
<use escorregamento_nsk.png>
Package pdftex.def Info: escorregamento_nsk.png  used on input line 655.
(pdftex.def)             Requested size: 455.00098pt x 132.1135pt.
 [32pdfTeX warning (ext4): destination with the same identifier (name{figure.4.
4}) has been already used, duplicate ignored
<argument> ...shipout:D \box_use:N \l_shipout_box 
                                                  
l.658 
      pdfTeX warning (ext4): destination with the same identifier (name{figure.
4.5}) has been already used, duplicate ignored
<argument> ...shipout:D \box_use:N \l_shipout_box 
                                                  
l.658 
       <./descascamento_nsk.png> <./arranhaduras_nsk.png>]
<fraturas_nsk.png, id=488, 504.38437pt x 296.60812pt>
File: fraturas_nsk.png Graphic file (type png)
<use fraturas_nsk.png>
Package pdftex.def Info: fraturas_nsk.png  used on input line 664.
(pdftex.def)             Requested size: 455.00381pt x 267.5694pt.
<trinca_nsk.png, id=490, 786.68906pt x 225.84375pt>
File: trinca_nsk.png Graphic file (type png)
<use trinca_nsk.png>
Package pdftex.def Info: trinca_nsk.png  used on input line 673.
(pdftex.def)             Requested size: 455.00755pt x 130.62416pt.
 [33pdfTeX warning (ext4): destination with the same identifier (name{figure.4.
6}) has been already used, duplicate ignored
<argument> ...shipout:D \box_use:N \l_shipout_box 
                                                  
l.675 \end{figure}
                  pdfTeX warning (ext4): destination with the same identifier (
name{figure.4.7}) has been already used, duplicate ignored
<argument> ...shipout:D \box_use:N \l_shipout_box 
                                                  
l.675 \end{figure}
                   <./escorregamento_nsk.png> <./fraturas_nsk.png>]
<gaiola_nsk.png, id=496, 790.45313pt x 231.11343pt>
File: gaiola_nsk.png Graphic file (type png)
<use gaiola_nsk.png>
Package pdftex.def Info: gaiola_nsk.png  used on input line 682.
(pdftex.def)             Requested size: 455.00153pt x 133.03377pt.
<impressoes_nsk.png, id=498, 1173.63469pt x 347.79938pt>
File: impressoes_nsk.png Graphic file (type png)
<use impressoes_nsk.png>
Package pdftex.def Info: impressoes_nsk.png  used on input line 691.
(pdftex.def)             Requested size: 454.99365pt x 134.83455pt.
 [34pdfTeX warning (ext4): destination with the same identifier (name{figure.4.
8}) has been already used, duplicate ignored
<argument> ...shipout:D \box_use:N \l_shipout_box 
                                                  
l.694 
      pdfTeX warning (ext4): destination with the same identifier (name{figure.
4.9}) has been already used, duplicate ignored
<argument> ...shipout:D \box_use:N \l_shipout_box 
                                                  
l.694 
       <./trinca_nsk.png> <./gaiola_nsk.png>]
<pitting_nsk.png, id=504, 907.89188pt x 271.0125pt>
File: pitting_nsk.png Graphic file (type png)
<use pitting_nsk.png>
Package pdftex.def Info: pitting_nsk.png  used on input line 700.
(pdftex.def)             Requested size: 454.99768pt x 135.82019pt.
<desgaste_nsk.png, id=506, 906.38625pt x 271.0125pt>
File: desgaste_nsk.png Graphic file (type png)
<use desgaste_nsk.png>
Package pdftex.def Info: desgaste_nsk.png  used on input line 709.
(pdftex.def)             Requested size: 455.00378pt x 136.04764pt.
 [35pdfTeX warning (ext4): destination with the same identifier (name{figure.4.
10}) has been already used, duplicate ignored
<argument> ...shipout:D \box_use:N \l_shipout_box 
                                                  
l.712 
      pdfTeX warning (ext4): destination with the same identifier (name{figure.
4.11}) has been already used, duplicate ignored
<argument> ...shipout:D \box_use:N \l_shipout_box 
                                                  
l.712 
       <./impressoes_nsk.png> <./pitting_nsk.png>]
<corrosao_nsk.png, id=512, 909.3975pt x 270.25969pt>
File: corrosao_nsk.png Graphic file (type png)
<use corrosao_nsk.png>
Package pdftex.def Info: corrosao_nsk.png  used on input line 718.
(pdftex.def)             Requested size: 455.00291pt x 135.22023pt.
<esmagamento_nsk.png, id=514, 935.74594pt x 280.79906pt>
File: esmagamento_nsk.png Graphic file (type png)
<use esmagamento_nsk.png>
Package pdftex.def Info: esmagamento_nsk.png  used on input line 727.
(pdftex.def)             Requested size: 455.00706pt x 136.53871pt.
 [36pdfTeX warning (ext4): destination with the same identifier (name{figure.4.
12}) has been already used, duplicate ignored
<argument> ...shipout:D \box_use:N \l_shipout_box 
                                                  
l.730 
      pdfTeX warning (ext4): destination with the same identifier (name{figure.
4.13}) has been already used, duplicate ignored
<argument> ...shipout:D \box_use:N \l_shipout_box 
                                                  
l.730 
       <./desgaste_nsk.png> <./corrosao_nsk.png>]
<deslizamento_nsk.png, id=521, 1023.825pt x 305.64188pt>
File: deslizamento_nsk.png Graphic file (type png)
<use deslizamento_nsk.png>
Package pdftex.def Info: deslizamento_nsk.png  used on input line 736.
(pdftex.def)             Requested size: 454.99924pt x 135.83064pt.
<superaquecimento_nsk.png, id=523, 773.13844pt x 237.13594pt>
File: superaquecimento_nsk.png Graphic file (type png)
<use superaquecimento_nsk.png>
Package pdftex.def Info: superaquecimento_nsk.png  used on input line 745.
(pdftex.def)             Requested size: 455.00342pt x 139.558pt.
 [37pdfTeX warning (ext4): destination with the same identifier (name{figure.4.
14}) has been already used, duplicate ignored
<argument> ...shipout:D \box_use:N \l_shipout_box 
                                                  
l.748 
      pdfTeX warning (ext4): destination with the same identifier (name{figure.
4.15}) has been already used, duplicate ignored
<argument> ...shipout:D \box_use:N \l_shipout_box 
                                                  
l.748 
       <./esmagamento_nsk.png> <./deslizamento_nsk.png>]
<corrosao_eletrolitica_nsk.png, id=529, 1014.03844pt x 286.06876pt>
File: corrosao_eletrolitica_nsk.png Graphic file (type png)
<use corrosao_eletrolitica_nsk.png>
Package pdftex.def Info: corrosao_eletrolitica_nsk.png  used on input line 754.

(pdftex.def)             Requested size: 454.99788pt x 128.35872pt.
<oxidacao_nsk.png, id=531, 1313.6578pt x 389.20406pt>
File: oxidacao_nsk.png Graphic file (type png)
<use oxidacao_nsk.png>
Package pdftex.def Info: oxidacao_nsk.png  used on input line 763.
(pdftex.def)             Requested size: 454.99641pt x 134.8041pt.
 [38pdfTeX warning (ext4): destination with the same identifier (name{figure.4.
16}) has been already used, duplicate ignored
<argument> ...shipout:D \box_use:N \l_shipout_box 
                                                  
l.766 
      pdfTeX warning (ext4): destination with the same identifier (name{figure.
4.17}) has been already used, duplicate ignored
<argument> ...shipout:D \box_use:N \l_shipout_box 
                                                  
l.766 
       <./superaquecimento_nsk.png> <./corrosao_eletrolitica_nsk.png>]
<falha_instalacao_nsk.png, id=537, 1086.30844pt x 324.46219pt>
File: falha_instalacao_nsk.png Graphic file (type png)
<use falha_instalacao_nsk.png>
Package pdftex.def Info: falha_instalacao_nsk.png  used on input line 772.
(pdftex.def)             Requested size: 455.00327pt x 135.90186pt.
<manchas_nsk.png, id=539, 1012.5328pt x 297.36093pt>
File: manchas_nsk.png Graphic file (type png)
<use manchas_nsk.png>
Package pdftex.def Info: manchas_nsk.png  used on input line 781.
(pdftex.def)             Requested size: 455.0021pt x 133.62514pt.
 [39pdfTeX warning (ext4): destination with the same identifier (name{figure.4.
18}) has been already used, duplicate ignored
<argument> ...shipout:D \box_use:N \l_shipout_box 
                                                  
l.784 
      pdfTeX warning (ext4): destination with the same identifier (name{figure.
4.19}) has been already used, duplicate ignored
<argument> ...shipout:D \box_use:N \l_shipout_box 
                                                  
l.784 
       <./oxidacao_nsk.png> <./falha_instalacao_nsk.png>]
<falhas_comuns_rolamentos.png, id=545, 461.47406pt x 237.13594pt>
File: falhas_comuns_rolamentos.png Graphic file (type png)
<use falhas_comuns_rolamentos.png>
Package pdftex.def Info: falhas_comuns_rolamentos.png  used on input line 794.
(pdftex.def)             Requested size: 455.00175pt x 233.81003pt.
 [40pdfTeX warning (ext4): destination with the same identifier (name{figure.4.
20}) has been already used, duplicate ignored
<argument> ...shipout:D \box_use:N \l_shipout_box 
                                                  
l.800 \newpage
              pdfTeX warning (ext4): destination with the same identifier (name
{figure.4.21}) has been already used, duplicate ignored
<argument> ...shipout:D \box_use:N \l_shipout_box 
                                                  
l.800 \newpage
               <./manchas_nsk.png> <./falhas_comuns_rolamentos.png>] [41]
[42] [43]
<frequencias_sinais_rolamentos.png, id=568, 573.64313pt x 667.74469pt>
File: frequencias_sinais_rolamentos.png Graphic file (type png)
<use frequencias_sinais_rolamentos.png>
Package pdftex.def Info: frequencias_sinais_rolamentos.png  used on input line 
860.
(pdftex.def)             Requested size: 366.65768pt x 426.80493pt.
 [44]
Overfull \hbox (4.43224pt too wide) in paragraph at lines 900--901
[]\OT1/cmr/m/n/12 (-20) Abordados os con-cei-tos fun-da-men-tais re-la-ti-vos a
s vi-brac~oes mec^anicas e as frequ^encias
 []

[45pdfTeX warning (ext4): destination with the same identifier (name{figure.4.2
2}) has been already used, duplicate ignored
<argument> ...shipout:D \box_use:N \l_shipout_box 
                                                  
l.902 N
       epomuceno, 1989 afirma que a medida e monitoramento da vibração é ...
 <./frequencias_sinais_rolamentos.png>] [46]
<Figura17.png, id=587, 379.4175pt x 211.54031pt>
File: Figura17.png Graphic file (type png)
<use Figura17.png>
Package pdftex.def Info: Figura17.png  used on input line 933.
(pdftex.def)             Requested size: 357.24301pt x 199.17714pt.
<Figura18.png, id=589, 340.27126pt x 167.12437pt>
File: Figura18.png Graphic file (type png)
<use Figura18.png>
Package pdftex.def Info: Figura18.png  used on input line 951.
(pdftex.def)             Requested size: 405.55086pt x 199.18646pt.
<Figura19.png, id=591, 364.36125pt x 161.10187pt>
File: Figura19.png Graphic file (type png)
<use Figura19.png>
Package pdftex.def Info: Figura19.png  used on input line 960.
(pdftex.def)             Requested size: 321.7675pt x 142.26909pt.
 [47pdfTeX warning (ext4): destination with the same identifier (name{figure.4.
23}) has been already used, duplicate ignored
<argument> ...shipout:D \box_use:N \l_shipout_box 
                                                  
l.962 \end{figure}
                  	 <./Figura17.png>] [48pdfTeX warning (ext4): destination wit
h the same identifier (name{figure.4.24}) has been already used, duplicate igno
red
<argument> ...shipout:D \box_use:N \l_shipout_box 
                                                  
l.973 N
       a equação~\ref{eq: Fator de Curtose} $p(x)$ é a função de densid...
pdfTeX warning (ext4): destination with the same identifier (name{figure.4.25})
 has been already used, duplicate ignored
<argument> ...shipout:D \box_use:N \l_shipout_box 
                                                  
l.973 N
       a equação~\ref{eq: Fator de Curtose} $p(x)$ é a função de densid...
 <./Figura18.png> <./Figura19.png>] [49]
<fft_sinal_barreiro.png, id=612, 475.7775pt x 399.74344pt>
File: fft_sinal_barreiro.png Graphic file (type png)
<use fft_sinal_barreiro.png>
Package pdftex.def Info: fft_sinal_barreiro.png  used on input line 990.
(pdftex.def)             Requested size: 304.7942pt x 256.08499pt.
<sinal_temporal_rolamento_barreiro.png, id=614, 399.74344pt x 284.56313pt>
File: sinal_temporal_rolamento_barreiro.png Graphic file (type png)
<use sinal_temporal_rolamento_barreiro.png>
Package pdftex.def Info: sinal_temporal_rolamento_barreiro.png  used on input l
ine 999.
(pdftex.def)             Requested size: 279.80019pt x 199.1798pt.
 [50pdfTeX warning (ext4): destination with the same identifier (name{figure.4.
26}) has been already used, duplicate ignored
<argument> ...shipout:D \box_use:N \l_shipout_box 
                                                  
l.1002 
        <./fft_sinal_barreiro.png>]
<sinal_envelope_rolamento_barreiro.png, id=620, 388.45125pt x 277.78781pt>
File: sinal_envelope_rolamento_barreiro.png Graphic file (type png)
<use sinal_envelope_rolamento_barreiro.png>
Package pdftex.def Info: sinal_envelope_rolamento_barreiro.png  used on input l
ine 1008.
(pdftex.def)             Requested size: 278.517pt x 199.17203pt.
<espectro_do_envelope_barreiro.png, id=622, 286.82156pt x 268.00125pt>
File: espectro_do_envelope_barreiro.png Graphic file (type png)
<use espectro_do_envelope_barreiro.png>
Package pdftex.def Info: espectro_do_envelope_barreiro.png  used on input line 
1017.
(pdftex.def)             Requested size: 213.15494pt x 199.1684pt.
 [51pdfTeX warning (ext4): destination with the same identifier (name{figure.4.
27}) has been already used, duplicate ignored
<argument> ...shipout:D \box_use:N \l_shipout_box 
                                                  
l.1020 
       pdfTeX warning (ext4): destination with the same identifier (name{figure
.4.28}) has been already used, duplicate ignored
<argument> ...shipout:D \box_use:N \l_shipout_box 
                                                  
l.1020 
        <./sinal_temporal_rolamento_barreiro.png> <./sinal_envelope_rolamento_b
arreiro.png>] [52pdfTeX warning (ext4): destination with the same identifier (n
ame{figure.4.29}) has been already used, duplicate ignored
<argument> ...shipout:D \box_use:N \l_shipout_box 
                                                  
l.1031 \end{enumerate}
                       <./espectro_do_envelope_barreiro.png>]
<envelope_kim.png, id=636, 475.02469pt x 177.66376pt>
File: envelope_kim.png Graphic file (type png)
<use envelope_kim.png>
Package pdftex.def Info: envelope_kim.png  used on input line 1038.
(pdftex.def)             Requested size: 455.01825pt x 170.18115pt.
 [53pdfTeX warning (ext4): destination with the same identifier (name{figure.4.
30}) has been already used, duplicate ignored
<argument> ...shipout:D \box_use:N \l_shipout_box 
                                                  
l.1049 
        <./envelope_kim.png>]
<pitting_pista_externa.png, id=644, 444.91219pt x 331.2375pt>
File: pitting_pista_externa.png Graphic file (type png)
<use pitting_pista_externa.png>
Package pdftex.def Info: pitting_pista_externa.png  used on input line 1053.
(pdftex.def)             Requested size: 267.51962pt x 199.16858pt.
<estagio_1.png, id=647, 491.58656pt x 195.73125pt>
File: estagio_1.png Graphic file (type png)
<use estagio_1.png>
Package pdftex.def Info: estagio_1.png  used on input line 1062.
(pdftex.def)             Requested size: 455.01799pt x 181.171pt.
 [54pdfTeX warning (ext4): destination with the same identifier (name{figure.4.
31}) has been already used, duplicate ignored
<argument> ...shipout:D \box_use:N \l_shipout_box 
                                                  
l.1067 
       pdfTeX warning (ext4): destination with the same identifier (name{figure
.4.32}) has been already used, duplicate ignored
<argument> ...shipout:D \box_use:N \l_shipout_box 
                                                  
l.1067 
        <./pitting_pista_externa.png> <./estagio_1.png>]
<estagio_2.png, id=655, 491.58656pt x 194.22563pt>
File: estagio_2.png Graphic file (type png)
<use estagio_2.png>
Package pdftex.def Info: estagio_2.png  used on input line 1071.
(pdftex.def)             Requested size: 455.01799pt x 179.77739pt.
<estagio_tres_pista_externa.png, id=657, 627.84563pt x 471.26062pt>
File: estagio_tres_pista_externa.png Graphic file (type png)
<use estagio_tres_pista_externa.png>
Package pdftex.def Info: estagio_tres_pista_externa.png  used on input line 108
0.
(pdftex.def)             Requested size: 265.35072pt x 199.17212pt.
 [55pdfTeX warning (ext4): destination with the same identifier (name{figure.4.
33}) has been already used, duplicate ignored
<argument> ...shipout:D \box_use:N \l_shipout_box 
                                                  
l.1083 
        <./estagio_2.png>]
<estagio_3.png, id=664, 443.40656pt x 181.42781pt>
File: estagio_3.png Graphic file (type png)
<use estagio_3.png>
Package pdftex.def Info: estagio_3.png  used on input line 1089.
(pdftex.def)             Requested size: 455.02916pt x 186.18341pt.
<estagio_4.png, id=666, 458.46281pt x 183.68625pt>
File: estagio_4.png Graphic file (type png)
<use estagio_4.png>
Package pdftex.def Info: estagio_4.png  used on input line 1098.
(pdftex.def)             Requested size: 455.01985pt x 182.30678pt.
 [56pdfTeX warning (ext4): destination with the same identifier (name{figure.4.
34}) has been already used, duplicate ignored
<argument> ...shipout:D \box_use:N \l_shipout_box 
                                                  
l.1101 
       pdfTeX warning (ext4): destination with the same identifier (name{figure
.4.35}) has been already used, duplicate ignored
<argument> ...shipout:D \box_use:N \l_shipout_box 
                                                  
l.1101 
        <./estagio_tres_pista_externa.png> <./estagio_3.png>] [57pdfTeX warning
 (ext4): destination with the same identifier (name{figure.4.36}) has been alre
ady used, duplicate ignored
<argument> ...shipout:D \box_use:N \l_shipout_box 
                                                  
l.1110 \newpage
                <./estagio_4.png>]
<pvdf_cadeia.png, id=678, 370.38374pt x 106.89937pt>
File: pvdf_cadeia.png Graphic file (type png)
<use pvdf_cadeia.png>
Package pdftex.def Info: pvdf_cadeia.png  used on input line 1121.
(pdftex.def)             Requested size: 394.32863pt x 113.81027pt.
 [58pdfTeX warning (ext4): destination with the same identifier (name{figure.4.
37}) has been already used, duplicate ignored
<argument> ...shipout:D \box_use:N \l_shipout_box 
                                                  
l.1130 
        <./pvdf_cadeia.png>] [59] [60] [61] [62] [63] [64]
<Figura24.png, id=719, 449.42906pt x 548.0475pt>
File: Figura24.png Graphic file (type png)
<use Figura24.png>
Package pdftex.def Info: Figura24.png  used on input line 1284.
(pdftex.def)             Requested size: 116.66364pt x 142.2632pt.
<rolamento_caixa_aberta.jpg, id=721, 3276.24pt x 2457.18pt>
File: rolamento_caixa_aberta.jpg Graphic file (type jpg)
<use rolamento_caixa_aberta.jpg>
Package pdftex.def Info: rolamento_caixa_aberta.jpg  used on input line 1293.
(pdftex.def)             Requested size: 454.97112pt x 341.22833pt.
 [65

pdfTeX warning (ext4): destination with the same identifier (name{figure.5.38})
 has been already used, duplicate ignored
<argument> ...shipout:D \box_use:N \l_shipout_box 
                                                  
l.1295 \end{figure}
                    <./Figura24.png>]
<angulo_de_contato.png, id=727, 172.39406pt x 573.64313pt>
File: angulo_de_contato.png Graphic file (type png)
<use angulo_de_contato.png>
Package pdftex.def Info: angulo_de_contato.png  used on input line 1309.
(pdftex.def)             Requested size: 85.50761pt x 284.52754pt.
 [66pdfTeX warning (ext4): destination with the same identifier (name{figure.5.
39}) has been already used, duplicate ignored
<argument> ...shipout:D \box_use:N \l_shipout_box 
                                                  
l.1313 
        <./rolamento_caixa_aberta.jpg>]
<diametro_rolamento.png, id=734, 500.62032pt x 432.86719pt>
File: diametro_rolamento.png Graphic file (type png)
<use diametro_rolamento.png>
Package pdftex.def Info: diametro_rolamento.png  used on input line 1319.
(pdftex.def)             Requested size: 246.79567pt x 213.39474pt.
 [67pdfTeX warning (ext4): destination with the same identifier (name{figure.5.
40}) has been already used, duplicate ignored
<argument> ...shipout:D \box_use:N \l_shipout_box 
                                                  
l.1325 
       pdfTeX warning (ext4): destination with the same identifier (name{figure
.5.41}) has been already used, duplicate ignored
<argument> ...shipout:D \box_use:N \l_shipout_box 
                                                  
l.1325 
        <./angulo_de_contato.png> <./diametro_rolamento.png>]
<Figura22.png, id=740, 392.21532pt x 276.28218pt>
File: Figura22.png Graphic file (type png)
<use Figura22.png>
Package pdftex.def Info: Figura22.png  used on input line 1333.
(pdftex.def)             Requested size: 455.02992pt x 320.5297pt.
<dispositivo_teste_visto_de_lado.png, id=742, 934.99312pt x 204.01219pt>
File: dispositivo_teste_visto_de_lado.png Graphic file (type png)
<use dispositivo_teste_visto_de_lado.png>
Package pdftex.def Info: dispositivo_teste_visto_de_lado.png  used on input lin
e 1343.
(pdftex.def)             Requested size: 454.99767pt x 99.27887pt.
 [68pdfTeX warning (ext4): destination with the same identifier (name{figure.5.
42}) has been already used, duplicate ignored
<argument> ...shipout:D \box_use:N \l_shipout_box 
                                                  
l.1347 
        <./Figura22.png>]
<bancada_de_testes.png, id=748, 629.35126pt x 511.15968pt>
File: bancada_de_testes.png Graphic file (type png)
<use bancada_de_testes.png>
Package pdftex.def Info: bancada_de_testes.png  used on input line 1353.
(pdftex.def)             Requested size: 385.34418pt x 312.97688pt.
<bancada_completa.jpg, id=750, 3276.24pt x 2457.18pt>
File: bancada_completa.jpg Graphic file (type jpg)
<use bancada_completa.jpg>
Package pdftex.def Info: bancada_completa.jpg  used on input line 1363.
(pdftex.def)             Requested size: 454.97112pt x 341.22833pt.
 [69pdfTeX warning (ext4): destination with the same identifier (name{figure.5.
43}) has been already used, duplicate ignored
<argument> ...shipout:D \box_use:N \l_shipout_box 
                                                  
l.1367 
       pdfTeX warning (ext4): destination with the same identifier (name{figure
.5.44}) has been already used, duplicate ignored
<argument> ...shipout:D \box_use:N \l_shipout_box 
                                                  
l.1367 
        <./dispositivo_teste_visto_de_lado.png> <./bancada_de_testes.png>]
<isoamortecedor_bancada.jpeg, id=757, 1517.67pt x 1517.67pt>
File: isoamortecedor_bancada.jpeg Graphic file (type jpg)
<use isoamortecedor_bancada.jpeg>
Package pdftex.def Info: isoamortecedor_bancada.jpeg  used on input line 1373.
(pdftex.def)             Requested size: 199.15665pt x 199.15665pt.

[70pdfTeX warning (ext4): destination with the same identifier (name{figure.5.4
5}) has been already used, duplicate ignored
<argument> ...shipout:D \box_use:N \l_shipout_box 
                                                  
l.1377 
        <./bancada_completa.jpg>]
<tacometro_lucas.jpg, id=762, 542.025pt x 963.6pt>
File: tacometro_lucas.jpg Graphic file (type jpg)
<use tacometro_lucas.jpg>
Package pdftex.def Info: tacometro_lucas.jpg  used on input line 1384.
(pdftex.def)             Requested size: 160.04485pt x 284.5242pt.
<painel_bancada.jpeg, id=764, 1517.67pt x 1517.67pt>
File: painel_bancada.jpeg Graphic file (type jpg)
<use painel_bancada.jpeg>
Package pdftex.def Info: painel_bancada.jpeg  used on input line 1394.
(pdftex.def)             Requested size: 341.4147pt x 341.4147pt.
 [71pdfTeX warning (ext4): destination with the same identifier (name{figure.5.
46}) has been already used, duplicate ignored
<argument> ...shipout:D \box_use:N \l_shipout_box 
                                                  
l.1397 \end{figure}
                   pdfTeX warning (ext4): destination with the same identifier 
(name{figure.5.47}) has been already used, duplicate ignored
<argument> ...shipout:D \box_use:N \l_shipout_box 
                                                  
l.1397 \end{figure}
                    <./isoamortecedor_bancada.jpeg> <./tacometro_lucas.jpg>]
<painel_por_dentro.jpg, id=770, 3276.24pt x 2457.18pt>
File: painel_por_dentro.jpg Graphic file (type jpg)
<use painel_por_dentro.jpg>
Package pdftex.def Info: painel_por_dentro.jpg  used on input line 1404.
(pdftex.def)             Requested size: 379.33423pt x 284.50067pt.

[72pdfTeX warning (ext4): destination with the same identifier (name{figure.5.4
8}) has been already used, duplicate ignored
<argument> ...shipout:D \box_use:N \l_shipout_box 
                                                  
l.1408 
        <./painel_bancada.jpeg>]
<acoplamento_eixo.jpeg, id=777, 1517.67pt x 1517.67pt>
File: acoplamento_eixo.jpeg Graphic file (type jpg)
<use acoplamento_eixo.jpeg>
Package pdftex.def Info: acoplamento_eixo.jpeg  used on input line 1414.
(pdftex.def)             Requested size: 256.05524pt x 256.05524pt.
 [73pdfTeX warning (ext4): destination with the same identifier (name{figure.5.
49}) has been already used, duplicate ignored
<argument> ...shipout:D \box_use:N \l_shipout_box 
                                                  
l.1418 
        <./painel_por_dentro.jpg>]
<bancada_aberta.jpeg, id=783, 1517.67pt x 1517.67pt>
File: bancada_aberta.jpeg Graphic file (type jpg)
<use bancada_aberta.jpeg>
Package pdftex.def Info: bancada_aberta.jpeg  used on input line 1424.
(pdftex.def)             Requested size: 284.51611pt x 284.51611pt.
 [74pdfTeX warning (ext4): destination with the same identifier (name{figure.5.
50}) has been already used, duplicate ignored
<argument> ...shipout:D \box_use:N \l_shipout_box 
                                                  
l.1436 \end{equation}
                     pdfTeX warning (ext4): destination with the same identifie
r (name{figure.5.51}) has been already used, duplicate ignored
<argument> ...shipout:D \box_use:N \l_shipout_box 
                                                  
l.1436 \end{equation}
                      <./acoplamento_eixo.jpeg> <./bancada_aberta.jpeg>]
<Figura21.png, id=789, 325.215pt x 324.46219pt>
File: Figura21.png Graphic file (type png)
<use Figura21.png>
Package pdftex.def Info: Figura21.png  used on input line 1487.
(pdftex.def)             Requested size: 199.63634pt x 199.17421pt.

[75]
<encapsulamento_sensor.png, id=800, 560.0925pt x 325.215pt>
File: encapsulamento_sensor.png Graphic file (type png)
<use encapsulamento_sensor.png>
Package pdftex.def Info: encapsulamento_sensor.png  used on input line 1510.
(pdftex.def)             Requested size: 367.5256pt x 213.40196pt.
 [76pdfTeX warning (ext4): destination with the same identifier (name{figure.5.
52}) has been already used, duplicate ignored
<argument> ...shipout:D \box_use:N \l_shipout_box 
                                                  
l.1514 
        <./Figura21.png>]
<sensor_e_operacional.jpg, id=806, 1470.49374pt x 2931.95375pt>
File: sensor_e_operacional.jpg Graphic file (type jpg)
<use sensor_e_operacional.jpg>
Package pdftex.def Info: sensor_e_operacional.jpg  used on input line 1520.
(pdftex.def)             Requested size: 156.9531pt x 312.94199pt.
 [77pdfTeX warning (ext4): destination with the same identifier (name{figure.5.
53}) has been already used, duplicate ignored
<argument> ...shipout:D \box_use:N \l_shipout_box 
                                                  
l.1527 A
         Figura~\ref{amplificador_filme_pvdf} mostra o desenho esquemático ...
pdfTeX warning (ext4): destination with the same identifier (name{figure.5.54})
 has been already used, duplicate ignored
<argument> ...shipout:D \box_use:N \l_shipout_box 
                                                  
l.1527 A
         Figura~\ref{amplificador_filme_pvdf} mostra o desenho esquemático ...
 <./encapsulamento_sensor.png> <./sensor_e_operacional.jpg>]
<amplificador_filme_pvdf.png, id=813, 489.32813pt x 257.46187pt>
File: amplificador_filme_pvdf.png Graphic file (type png)
<use amplificador_filme_pvdf.png>
Package pdftex.def Info: amplificador_filme_pvdf.png  used on input line 1532.
(pdftex.def)             Requested size: 455.01071pt x 239.40562pt.
<circuito_rejeita_faixa.jpg, id=815, 3276.24pt x 2457.18pt>
File: circuito_rejeita_faixa.jpg Graphic file (type jpg)
<use circuito_rejeita_faixa.jpg>
Package pdftex.def Info: circuito_rejeita_faixa.jpg  used on input line 1542.
(pdftex.def)             Requested size: 341.39081pt x 256.0431pt.
 [78pdfTeX warning (ext4): destination with the same identifier (name{figure.5.
55}) has been already used, duplicate ignored
<argument> ...shipout:D \box_use:N \l_shipout_box 
                                                  
l.1546 
        <./amplificador_filme_pvdf.png>]
<circuito_notch.jpeg, id=822, 662.475pt x 421.575pt>
File: circuito_notch.jpeg Graphic file (type jpg)
<use circuito_notch.jpeg>
Package pdftex.def Info: circuito_notch.jpeg  used on input line 1552.
(pdftex.def)             Requested size: 402.41093pt x 256.07967pt.
<GraficosAnalise/sinal_filtrado_maquina_desligada.png, id=824, 462.97969pt x 39
4.47375pt>
File: GraficosAnalise/sinal_filtrado_maquina_desligada.png Graphic file (type p
ng)
<use GraficosAnalise/sinal_filtrado_maquina_desligada.png>
Package pdftex.def Info: GraficosAnalise/sinal_filtrado_maquina_desligada.png  
used on input line 1562.
(pdftex.def)             Requested size: 267.15082pt x 227.62119pt.
 [79pdfTeX warning (ext4): destination with the same identifier (name{figure.5.
56}) has been already used, duplicate ignored
<argument> ...shipout:D \box_use:N \l_shipout_box 
                                                  
l.1565 \end{figure}
                   pdfTeX warning (ext4): destination with the same identifier 
(name{figure.5.57}) has been already used, duplicate ignored
<argument> ...shipout:D \box_use:N \l_shipout_box 
                                                  
l.1565 \end{figure}
                    <./circuito_rejeita_faixa.jpg> <./circuito_notch.jpeg>]
<GraficosAnalise/sinal_filtrado_maquina_ligada_tomada.png, id=830, 464.4853pt x
 399.74344pt>
File: GraficosAnalise/sinal_filtrado_maquina_ligada_tomada.png Graphic file (ty
pe png)
<use GraficosAnalise/sinal_filtrado_maquina_ligada_tomada.png>
Package pdftex.def Info: GraficosAnalise/sinal_filtrado_maquina_ligada_tomada.p
ng  used on input line 1572.
(pdftex.def)             Requested size: 264.49005pt x 227.62433pt.

[80pdfTeX warning (ext4): destination with the same identifier (name{figure.5.5
8}) has been already used, duplicate ignored
<argument> ...shipout:D \box_use:N \l_shipout_box 
                                                  
l.1576 
        <./GraficosAnalise/sinal_filtrado_maquina_desligada.png>]
<USB6212.jpg, id=836, 470.50781pt x 738.50906pt>
File: USB6212.jpg Graphic file (type jpg)
<use USB6212.jpg>
Package pdftex.def Info: USB6212.jpg  used on input line 1586.
(pdftex.def)             Requested size: 108.76015pt x 170.70993pt.
 [81pdfTeX warning (ext4): destination with the same identifier (name{figure.5.
59}) has been already used, duplicate ignored
<argument> ...shipout:D \box_use:N \l_shipout_box 
                                                  
l.1589 
        <./GraficosAnalise/sinal_filtrado_maquina_ligada_tomada.png>]
<sistema_labview.png, id=842, 988.44281pt x 635.37375pt>
File: sistema_labview.png Graphic file (type png)
<use sistema_labview.png>
Package pdftex.def Info: sistema_labview.png  used on input line 1595.
(pdftex.def)             Requested size: 454.99086pt x 292.46936pt.

Overfull \hbox (13.77652pt too wide) in paragraph at lines 1600--1601
[]\OT1/cmr/m/n/12 (-20) O soft-ware de-sen-vol-vido na pla-ta-forma Lab-VIEW en
contra-se dis-ponvel no Ap^endice [][]A[][]. 
 []

[82pdfTeX warning (ext4): destination with the same identifier (name{figure.5.6
0}) has been already used, duplicate ignored
<argument> ...shipout:D \box_use:N \l_shipout_box 
                                                  
l.1603 
       pdfTeX warning (ext4): destination with the same identifier (name{figure
.5.61}) has been already used, duplicate ignored
<argument> ...shipout:D \box_use:N \l_shipout_box 
                                                  
l.1603 
        <./USB6212.jpg> <./sistema_labview.png>]
<stm32.jpg, id=848, 602.25pt x 602.25pt>
File: stm32.jpg Graphic file (type jpg)
<use stm32.jpg>
Package pdftex.def Info: stm32.jpg  used on input line 1607.
(pdftex.def)             Requested size: 170.71487pt x 170.71487pt.
 [83pdfTeX warning (ext4): destination with the same identifier (name{figure.5.
62}) has been already used, duplicate ignored
<argument> ...shipout:D \box_use:N \l_shipout_box 
                                                  
l.1620 P
        ara construção destes foi utilizado a plataforma Anaconda e o Jupy...
 <./stm32.jpg>]

LaTeX Warning: Reference `secao:CircuitosCondicionadores' on page 84 undefined 
on input line 1624.


Underfull \hbox (badness 1102) in paragraph at lines 1659--1659
\OT1/cmr/m/n/12 (+20) pista ex-terna, eixo a 37
 []


LaTeX Warning: `h' float specifier changed to `ht'.

<dano_introduzido_rolante.jpg, id=857, 3276.24pt x 2457.18pt>
File: dano_introduzido_rolante.jpg Graphic file (type jpg)
<use dano_introduzido_rolante.jpg>
Package pdftex.def Info: dano_introduzido_rolante.jpg  used on input line 1669.

(pdftex.def)             Requested size: 303.44739pt x 227.58554pt.
[84]
<insercao_dano_pista_externa.jpeg, id=864, 1606.0pt x 1204.5pt>
File: insercao_dano_pista_externa.jpeg Graphic file (type jpg)
<use insercao_dano_pista_externa.jpeg>
Package pdftex.def Info: insercao_dano_pista_externa.jpeg  used on input line 1
679.
(pdftex.def)             Requested size: 455.0pt x 341.24599pt.
 [85pdfTeX warning (ext4): destination with the same identifier (name{table.5.1
}) has been already used, duplicate ignored
<argument> ...shipout:D \box_use:N \l_shipout_box 
                                                  
l.1682 \end{figure}
                   pdfTeX warning (ext4): destination with the same identifier 
(name{figure.5.63}) has been already used, duplicate ignored
<argument> ...shipout:D \box_use:N \l_shipout_box 
                                                  
l.1682 \end{figure}
                    <./dano_introduzido_rolante.jpg>]
<dano_pista_externa.jpeg, id=870, 694.84593pt x 809.27344pt>
File: dano_pista_externa.jpeg Graphic file (type jpg)
<use dano_pista_externa.jpeg>
Package pdftex.def Info: dano_pista_externa.jpeg  used on input line 1689.
(pdftex.def)             Requested size: 455.0pt x 529.92363pt.
 [86pdfTeX warning (ext4): destination with the same identifier (name{figure.5.
64}) has been already used, duplicate ignored
<argument> ...shipout:D \box_use:N \l_shipout_box 
                                                  
l.1693 
        <./insercao_dano_pista_externa.jpeg>] [87pdfTeX warning (ext4): destina
tion with the same identifier (name{figure.5.65}) has been already used, duplic
ate ignored
<argument> ...shipout:D \box_use:N \l_shipout_box 
                                                  
l.1695 \chapter
               {Resultados} <./dano_pista_externa.jpeg>]
<Caso0/maquina_desligada_da_tomada.png, id=880, 433.62pt x 289.08pt>
File: Caso0/maquina_desligada_da_tomada.png Graphic file (type png)
<use Caso0/maquina_desligada_da_tomada.png>
Package pdftex.def Info: Caso0/maquina_desligada_da_tomada.png  used on input l
ine 1712.
(pdftex.def)             Requested size: 341.43124pt x 227.62082pt.
<Caso0/PSD_SENSOR_MAQUINA_DESLIGADA.jpg, id=882, 1566.60281pt x 669.2503pt>
File: Caso0/PSD_SENSOR_MAQUINA_DESLIGADA.jpg Graphic file (type jpg)
<use Caso0/PSD_SENSOR_MAQUINA_DESLIGADA.jpg>
Package pdftex.def Info: Caso0/PSD_SENSOR_MAQUINA_DESLIGADA.jpg  used on input 
line 1722.
(pdftex.def)             Requested size: 454.99641pt x 194.37376pt.
 [88

pdfTeX warning (ext4): destination with the same identifier (name{figure.6.66})
 has been already used, duplicate ignored
<argument> ...shipout:D \box_use:N \l_shipout_box 
                                                  
l.1725 \end{figure}
                    <./Caso0/maquina_desligada_da_tomada.png>]
<Caso0/maquina_ligada_na_tomada.png, id=889, 433.62pt x 289.08pt>
File: Caso0/maquina_ligada_na_tomada.png Graphic file (type png)
<use Caso0/maquina_ligada_na_tomada.png>
Package pdftex.def Info: Caso0/maquina_ligada_na_tomada.png  used on input line
 1734.
(pdftex.def)             Requested size: 384.13412pt x 256.08942pt.
 [89pdfTeX warning (ext4): destination with the same identifier (name{figure.6.
67}) has been already used, duplicate ignored
<argument> ...shipout:D \box_use:N \l_shipout_box 
                                                  
l.1738 
        <./Caso0/PSD_SENSOR_MAQUINA_DESLIGADA.jpg>]
<GraficosAnalise/PSD_SENSOR_MAQUINA_LIGADA.jpg, id=895, 1170.62344pt x 666.2390
6pt>
File: GraficosAnalise/PSD_SENSOR_MAQUINA_LIGADA.jpg Graphic file (type jpg)
<use GraficosAnalise/PSD_SENSOR_MAQUINA_LIGADA.jpg>
Package pdftex.def Info: GraficosAnalise/PSD_SENSOR_MAQUINA_LIGADA.jpg  used on
 input line 1744.
(pdftex.def)             Requested size: 483.69684pt x 275.28447pt.

Overfull \hbox (28.69684pt too wide) in paragraph at lines 1744--1744
 [][] 
 []

[90pdfTeX warning (ext4): destination with the same identifier (name{figure.6.6
8}) has been already used, duplicate ignored
<argument> ...shipout:D \box_use:N \l_shipout_box 
                                                  
l.1748 
        <./Caso0/maquina_ligada_na_tomada.png>]
<Caso0/maquina_ligada_na_tomada_e_energizada.png, id=903, 433.62pt x 289.08pt>
File: Caso0/maquina_ligada_na_tomada_e_energizada.png Graphic file (type png)
<use Caso0/maquina_ligada_na_tomada_e_energizada.png>
Package pdftex.def Info: Caso0/maquina_ligada_na_tomada_e_energizada.png  used 
on input line 1756.
(pdftex.def)             Requested size: 384.13412pt x 256.08942pt.
 [91pdfTeX warning (ext4): destination with the same identifier (name{figure.6.
69}) has been already used, duplicate ignored
<argument> ...shipout:D \box_use:N \l_shipout_box 
                                                  
l.1760 
        <./GraficosAnalise/PSD_SENSOR_MAQUINA_LIGADA.jpg>]
<GraficosAnalise/PSD_SENSOR_MAQUINA_LIGADA_E_ENERGIZADA.jpg, id=909, 1191.7022p
t x 673.76718pt>
File: GraficosAnalise/PSD_SENSOR_MAQUINA_LIGADA_E_ENERGIZADA.jpg Graphic file (
type jpg)
<use GraficosAnalise/PSD_SENSOR_MAQUINA_LIGADA_E_ENERGIZADA.jpg>
Package pdftex.def Info: GraficosAnalise/PSD_SENSOR_MAQUINA_LIGADA_E_ENERGIZADA
.jpg  used on input line 1766.
(pdftex.def)             Requested size: 483.69684pt x 273.4705pt.

Overfull \hbox (28.69684pt too wide) in paragraph at lines 1766--1768
 [][] 
 []

[92pdfTeX warning (ext4): destination with the same identifier (name{figure.6.7
0}) has been already used, duplicate ignored
<argument> ...shipout:D \box_use:N \l_shipout_box 
                                                  
l.1769 
        <./Caso0/maquina_ligada_na_tomada_e_energizada.png>]
Underfull \hbox (badness 10000) in paragraph at lines 1780--1780
[]|\OT1/cmr/m/n/12 (+20) Espectro de-mons-trando
 []


Underfull \hbox (badness 10000) in paragraph at lines 1780--1780
[]|\OT1/cmr/m/n/12 (+20) Espectro de-mons-trando
 []

[93pdfTeX warning (ext4): destination with the same identifier (name{figure.6.7
1}) has been already used, duplicate ignored
<argument> ...shipout:D \box_use:N \l_shipout_box 
                                                  
l.1786 
       pdfTeX warning (ext4): destination with the same identifier (name{table.
6.2}) has been already used, duplicate ignored
<argument> ...shipout:D \box_use:N \l_shipout_box 
                                                  
l.1786 
        <./GraficosAnalise/PSD_SENSOR_MAQUINA_LIGADA_E_ENERGIZADA.jpg>]
<Caso0/motorredutor.png, id=921, 433.62pt x 289.08pt>
File: Caso0/motorredutor.png Graphic file (type png)
<use Caso0/motorredutor.png>
Package pdftex.def Info: Caso0/motorredutor.png  used on input line 1796.
(pdftex.def)             Requested size: 426.81056pt x 284.54036pt.

[94pdfTeX warning (ext4): destination with the same identifier (name{figure.6.7
2}) has been already used, duplicate ignored
<argument> ...shipout:D \box_use:N \l_shipout_box 
                                                  
l.1802 
        <./Caso0/motorredutor.png>]
<Caso0/PSD_MOTORREDUTOR.jpg, id=928, 1569.61406pt x 655.69969pt>
File: Caso0/PSD_MOTORREDUTOR.jpg Graphic file (type jpg)
<use Caso0/PSD_MOTORREDUTOR.jpg>
Package pdftex.def Info: Caso0/PSD_MOTORREDUTOR.jpg  used on input line 1808.
(pdftex.def)             Requested size: 454.98482pt x 190.068pt.


LaTeX Warning: Reference `PSD_MOTORREDUTOR_FILTRADO' on page 95 undefined on in
put line 1815.

<GraficosAnalise/PSD_MOTORREDUTOR_FILTRADO_ANOTADO.png, id=929, 1199.23032pt x 
673.76718pt>
File: GraficosAnalise/PSD_MOTORREDUTOR_FILTRADO_ANOTADO.png Graphic file (type 
png)
<use GraficosAnalise/PSD_MOTORREDUTOR_FILTRADO_ANOTADO.png>
Package pdftex.def Info: GraficosAnalise/PSD_MOTORREDUTOR_FILTRADO_ANOTADO.png 
 used on input line 1820.
(pdftex.def)             Requested size: 454.99861pt x 255.63322pt.
[95pdfTeX warning (ext4): destination with the same identifier (name{figure.6.7
3}) has been already used, duplicate ignored
<argument> ...shipout:D \box_use:N \l_shipout_box 
                                                  
l.1824 
        <./Caso0/PSD_MOTORREDUTOR.jpg>]
<Caso1/DOMINIO_TEMPO_ROLAMENTO_BOM.png, id=935, 433.62pt x 289.08pt>
File: Caso1/DOMINIO_TEMPO_ROLAMENTO_BOM.png Graphic file (type png)
<use Caso1/DOMINIO_TEMPO_ROLAMENTO_BOM.png>
Package pdftex.def Info: Caso1/DOMINIO_TEMPO_ROLAMENTO_BOM.png  used on input l
ine 1842.
(pdftex.def)             Requested size: 426.81056pt x 284.54036pt.
 [96pdfTeX warning (ext4): destination with the same identifier (name{figure.6.
74}) has been already used, duplicate ignored
<argument> ...shipout:D \box_use:N \l_shipout_box 
                                                  
l.1846 
        <./GraficosAnalise/PSD_MOTORREDUTOR_FILTRADO_ANOTADO.png>]
<GraficosAnalise/PSD_ROLAMENTO_BOM.jpg, id=943, 1172.12906pt x 678.28406pt>
File: GraficosAnalise/PSD_ROLAMENTO_BOM.jpg Graphic file (type jpg)
<use GraficosAnalise/PSD_ROLAMENTO_BOM.jpg>
Package pdftex.def Info: GraficosAnalise/PSD_ROLAMENTO_BOM.jpg  used on input l
ine 1853.
(pdftex.def)             Requested size: 455.00015pt x 263.2981pt.
 [97pdfTeX warning (ext4): destination with the same identifier (name{figure.6.
75}) has been already used, duplicate ignored
<argument> ...shipout:D \box_use:N \l_shipout_box 
                                                  
l.1860 \newpage
               pdfTeX warning (ext4): destination with the same identifier (nam
e{figure.6.76}) has been already used, duplicate ignored
<argument> ...shipout:D \box_use:N \l_shipout_box 
                                                  
l.1860 \newpage
                <./Caso1/DOMINIO_TEMPO_ROLAMENTO_BOM.png> <./GraficosAnalise/PS
D_ROLAMENTO_BOM.jpg>]
<GraficosAnalise/DEFEITO_ELEMENTO_ROLANTE.png, id=951, 433.62pt x 289.08pt>
File: GraficosAnalise/DEFEITO_ELEMENTO_ROLANTE.png Graphic file (type png)
<use GraficosAnalise/DEFEITO_ELEMENTO_ROLANTE.png>
Package pdftex.def Info: GraficosAnalise/DEFEITO_ELEMENTO_ROLANTE.png  used on 
input line 1870.
(pdftex.def)             Requested size: 426.81056pt x 284.54036pt.
<GraficosAnalise/PSD_DEFEITO_ELEMENTO_ROLANTE_anotado.jpg, id=953, 1187.18532pt
 x 682.80093pt>
File: GraficosAnalise/PSD_DEFEITO_ELEMENTO_ROLANTE_anotado.jpg Graphic file (ty
pe jpg)
<use GraficosAnalise/PSD_DEFEITO_ELEMENTO_ROLANTE_anotado.jpg>
Package pdftex.def Info: GraficosAnalise/PSD_DEFEITO_ELEMENTO_ROLANTE_anotado.j
pg  used on input line 1880.
(pdftex.def)             Requested size: 454.99359pt x 261.68622pt.
 [98pdfTeX warning (ext4): destination with the same identifier (name{figure.6.
77}) has been already used, duplicate ignored
<argument> ...shipout:D \box_use:N \l_shipout_box 
                                                  
l.1884 
        <./GraficosAnalise/DEFEITO_ELEMENTO_ROLANTE.png>]
<GraficosAnalise/curtose_rolamento_ruim.jpg, id=960, 1169.11781pt x 658.71094pt
>
File: GraficosAnalise/curtose_rolamento_ruim.jpg Graphic file (type jpg)
<use GraficosAnalise/curtose_rolamento_ruim.jpg>
Package pdftex.def Info: GraficosAnalise/curtose_rolamento_ruim.jpg  used on in
put line 1894.
(pdftex.def)             Requested size: 454.9908pt x 256.35347pt.
 [99pdfTeX warning (ext4): destination with the same identifier (name{figure.6.
78}) has been already used, duplicate ignored
<argument> ...shipout:D \box_use:N \l_shipout_box 
                                                  
l.1897 \end{figure}
                    <./GraficosAnalise/PSD_DEFEITO_ELEMENTO_ROLANTE_anotado.jpg
>]
<GraficosAnalise/ENVELOPE_ROLANTE_RUIM.jpg, id=966, 1545.52406pt x 645.16031pt>

File: GraficosAnalise/ENVELOPE_ROLANTE_RUIM.jpg Graphic file (type jpg)
<use GraficosAnalise/ENVELOPE_ROLANTE_RUIM.jpg>
Package pdftex.def Info: GraficosAnalise/ENVELOPE_ROLANTE_RUIM.jpg  used on inp
ut line 1905.
(pdftex.def)             Requested size: 455.00592pt x 189.9367pt.
 [100pdfTeX warning (ext4): destination with the same identifier (name{figure.6
.79}) has been already used, duplicate ignored
<argument> ...shipout:D \box_use:N \l_shipout_box 
                                                  
l.1909 
        <./GraficosAnalise/curtose_rolamento_ruim.jpg>] [101pdfTeX warning (ext
4): destination with the same identifier (name{figure.6.80}) has been already u
sed, duplicate ignored
<argument> ...shipout:D \box_use:N \l_shipout_box 
                                                  
l.1920 \newpage
                <./GraficosAnalise/ENVELOPE_ROLANTE_RUIM.jpg>] [102

] [103

]
(dissertacao_final.brf)
\tf@brf=\write5
\openout5 = `dissertacao_final.brf'.

 [104]

Package hyperref Warning: Token not allowed in a PDF string (PDFDocEncoding):
(hyperref)                removing `\@ifnextchar' on input line 1960.


Package hyperref Warning: Token not allowed in a PDF string (PDFDocEncoding):
(hyperref)                removing `\<let>-command' on input line 1960.


Package hyperref Warning: Token not allowed in a PDF string (PDFDocEncoding):
(hyperref)                removing `\nextToken' on input line 1960.

bibitemlist

Underfull \hbox (badness 10000) in paragraph at lines 1987--1987
[]\OT1/cmr/m/n/12 (+20) CNI, Con-fe-derac~ao Na-ci-o-nal das Industrias. \OT1
/cmr/bx/n/12 Per-fil da Industria
 []


Underfull \hbox (badness 10000) in paragraph at lines 1987--1987
\OT1/cmr/bx/n/12 Bra-si-leira\OT1/cmr/m/n/12 (+20) . Bra-sil, 2019. Dis-ponve
l em: Dis-ponvel em:
 []


Underfull \hbox (badness 10000) in paragraph at lines 1987--1987
\OT1/cmr/m/n/12 (+20) https://industriabrasileira.portaldaindustria.com.br/graf
ico/total/producao/industria-
 []

[105

]
Underfull \hbox (badness 10000) in paragraph at lines 2131--2131
[]\OT1/cmr/m/n/12 (+20) OMEGA. \OT1/cmr/bx/n/12 Aquisic~ao de Da-dos\OT1/cmr/m
/n/12 (+20) . Bra-sil, 2021. Dis-ponvel em:
 []

[106]
Underfull \hbox (badness 10000) in paragraph at lines 2169--2169
[]\OT1/cmr/m/n/12 (+20) SKF. \OT1/cmr/bx/n/12 Vida no-mi-nal do ro-la-mento\OT1
/cmr/m/n/12 (+20) . Bra-sil, 2021. Dis-ponvel em
 []


Underfull \hbox (badness 10000) in paragraph at lines 2169--2169
\OT1/cmr/m/n/12 (+20) https://www.skf.com/br/products/rolling-bearings/principl
es-of-rolling-bearing-
 []


Underfull \hbox (badness 10000) in paragraph at lines 2169--2169
\OT1/cmr/m/n/12 (+20) selection/bearing-selection-process/bearing-size/size-sel
ection-based-on-rating-
 []

[107] [108

] [109

]
<Apendices/psd_1.png, id=1070, 512.66531pt x 664.73344pt>
File: Apendices/psd_1.png Graphic file (type png)
<use Apendices/psd_1.png>
Package pdftex.def Info: Apendices/psd_1.png  used on input line 2212.
(pdftex.def)             Requested size: 455.0pt x 589.96774pt.
<Apendices/psd_2.png, id=1071, 478.03593pt x 642.14906pt>
File: Apendices/psd_2.png Graphic file (type png)
<use Apendices/psd_2.png>
Package pdftex.def Info: Apendices/psd_2.png  used on input line 2217.
(pdftex.def)             Requested size: 455.0pt x 611.20416pt.
 [110

 <./Apendices/psd_1.png>]
<Apendices/envelope_5.png, id=1076, 508.90125pt x 610.53094pt>
File: Apendices/envelope_5.png Graphic file (type png)
<use Apendices/envelope_5.png>
Package pdftex.def Info: Apendices/envelope_5.png  used on input line 2222.
(pdftex.def)             Requested size: 455.0pt x 545.88614pt.
 [111 <./Apendices/psd_2.png>]
<Apendices/envelope_6.png, id=1081, 534.49687pt x 661.72218pt>
File: Apendices/envelope_6.png Graphic file (type png)
<use Apendices/envelope_6.png>
Package pdftex.def Info: Apendices/envelope_6.png  used on input line 2227.
(pdftex.def)             Requested size: 455.0pt x 563.32477pt.

[112 <./Apendices/envelope_5.png>] [113 <./Apendices/envelope_6.png>]
<Apendices/gerb_1.png, id=1090, 380.92313pt x 597.73312pt>
File: Apendices/gerb_1.png Graphic file (type png)
<use Apendices/gerb_1.png>
Package pdftex.def Info: Apendices/gerb_1.png  used on input line 2236.
(pdftex.def)             Requested size: 455.0pt x 714.00185pt.
 [114

]
Overfull \vbox (53.33516pt too high) has occurred while \output is active []


[115 <./Apendices/gerb_1.png>]
<Apendices/gerb_2.png, id=1100, 380.92313pt x 599.99156pt>
File: Apendices/gerb_2.png Graphic file (type png)
<use Apendices/gerb_2.png>
Package pdftex.def Info: Apendices/gerb_2.png  used on input line 2241.
(pdftex.def)             Requested size: 455.0pt x 716.69958pt.

Overfull \vbox (8.69958pt too high) has occurred while \output is active []


[116 <./Apendices/gerb_2.png>]
<Apendices/gerb_3.png, id=1105, 389.95688pt x 599.99156pt>
File: Apendices/gerb_3.png Graphic file (type png)
<use Apendices/gerb_3.png>
Package pdftex.def Info: Apendices/gerb_3.png  used on input line 2246.
(pdftex.def)             Requested size: 455.0pt x 700.0922pt.
<Apendices/gerb_4.png, id=1106, 390.70969pt x 599.99156pt>
File: Apendices/gerb_4.png Graphic file (type png)
<use Apendices/gerb_4.png>
Package pdftex.def Info: Apendices/gerb_4.png  used on input line 2251.
(pdftex.def)             Requested size: 455.0pt x 698.75555pt.
 [117 <./Apendices/gerb_3.png>]

AED: lastpage setting LastPage
[118 <./Apendices/gerb_4.png>]
\tf@lof=\write6
\openout6 = `dissertacao_final.lof'.

\tf@lot=\write7
\openout7 = `dissertacao_final.lot'.

\tf@toc=\write8
\openout8 = `dissertacao_final.toc'.

 (dissertacao_final.aux)
Package rerunfilecheck Info: File `dissertacao_final.brf' has not changed.
(rerunfilecheck)             Checksum: D41D8CD98F00B204E9800998ECF8427E;0.


LaTeX Warning: There were undefined references.

 )
(\end occurred inside a group at level 27)

### simple group (level 27) entered at line 1910 ({)
### simple group (level 26) entered at line 1900 ({)
### simple group (level 25) entered at line 1900 ({)
### simple group (level 24) entered at line 1900 ({)
### simple group (level 23) entered at line 1900 ({)
### simple group (level 22) entered at line 1885 ({)
### simple group (level 21) entered at line 1885 ({)
### simple group (level 20) entered at line 1885 ({)
### simple group (level 19) entered at line 1885 ({)
### simple group (level 18) entered at line 1885 ({)
### simple group (level 17) entered at line 1875 ({)
### simple group (level 16) entered at line 1875 ({)
### simple group (level 15) entered at line 1875 ({)
### simple group (level 14) entered at line 1875 ({)
### simple group (level 13) entered at line 1827 ({)
### simple group (level 12) entered at line 1827 ({)
### simple group (level 11) entered at line 1827 ({)
### simple group (level 10) entered at line 1827 ({)
### simple group (level 9) entered at line 1825 ({)
### simple group (level 8) entered at line 1825 ({)
### simple group (level 7) entered at line 1803 ({)
### simple group (level 6) entered at line 1803 ({)
### simple group (level 5) entered at line 1761 ({)
### simple group (level 4) entered at line 1761 ({)
### simple group (level 3) entered at line 1739 ({)
### simple group (level 2) entered at line 1739 ({)
### simple group (level 1) entered at line 1727 ({)
### bottom level 
Here is how much of TeX's memory you used:
 20113 strings out of 479799
 341081 string characters out of 2886237
 745877 words of memory out of 3000000
 36249 multiletter control sequences out of 15000+200000
 549258 words of font info for 122 fonts, out of 3000000 for 9000
 1141 hyphenation exceptions out of 8191
 80i,13n,85p,1354b,2114s stack positions out of 5000i,500n,10000p,200000b,50000s
 <C:\Users\Giovani\AppData\Local\MiKTeX\fonts/pk/ljfour/jknappe
n/ec/dpi600\tcrm1200.pk><D:/Miktex/fonts/type1/public/amsfonts/cm/cmbx12.pfb><D
:/Miktex/fonts/type1/public/amsfonts/cm/cmex10.pfb><D:/Miktex/fonts/type1/publi
c/amsfonts/cm/cmmi12.pfb><D:/Miktex/fonts/type1/public/amsfonts/cm/cmmi8.pfb><D
:/Miktex/fonts/type1/public/amsfonts/cm/cmr10.pfb><D:/Miktex/fonts/type1/public
/amsfonts/cm/cmr12.pfb><D:/Miktex/fonts/type1/public/amsfonts/cm/cmr6.pfb><D:/M
iktex/fonts/type1/public/amsfonts/cm/cmr7.pfb><D:/Miktex/fonts/type1/public/ams
fonts/cm/cmr8.pfb><D:/Miktex/fonts/type1/public/amsfonts/cm/cmsy10.pfb><D:/Mikt
ex/fonts/type1/public/amsfonts/cm/cmsy8.pfb><D:/Miktex/fonts/type1/public/amsfo
nts/cm/cmti12.pfb><D:/Miktex/fonts/type1/urw/symbol/usyr.pfb>
Output written on dissertacao_final.pdf (119 pages, 36440551 bytes).
PDF statistics:
 1409 PDF objects out of 1440 (max. 8388607)
 361 named destinations out of 1000 (max. 500000)
 20849 words of extra memory for PDF output out of 24883 (max. 10000000)

